2018-05-20 16:13:26 INFO  FreelingPreprocess:30 - Fragmentos totales de suspicious-document00086.txt :11
2018-05-20 16:13:26 INFO  FreelingPreprocess:32 - Procesando fragmento 1 de: suspicious-document00086.txt
2018-05-20 16:13:26 INFO  BabelNetConfiguration:43 - Loading babelnet.properties FROM /Users/macmenta/Documents/workspace/CrossLanguagePlagiarism/config/babelnet.properties
2018-05-20 16:13:26 INFO  BabelNetIndexManager:186 - Opening dict index: /Users/macmenta/BabelNet-3.7/dict
2018-05-20 16:13:26 INFO  BabelNetIndexManager:191 - Opening gloss index: /Users/macmenta/BabelNet-3.7/gloss
2018-05-20 16:13:26 INFO  BabelNetIndexManager:199 - Opening lexicon index: /Users/macmenta/BabelNet-3.7/lexicon
2018-05-20 16:13:26 INFO  BabelNetIndexManager:206 - Opening lexicon index: /Users/macmenta/BabelNet-3.7/lexicon_CC_BY_SA_30
2018-05-20 16:13:26 INFO  BabelNetIndexManager:218 - Opening dict index: /Users/macmenta/BabelNet-3.7/dict_CC_BY_SA_30
2018-05-20 16:13:26 INFO  BabelNetIndexManager:230 - Opening gloss index: /Users/macmenta/BabelNet-3.7/gloss_CC_BY_SA_30
2018-05-20 16:13:26 INFO  BabelNetIndexManager:206 - Opening lexicon index: /Users/macmenta/BabelNet-3.7/lexicon_CC_BY_30
2018-05-20 16:13:26 INFO  BabelNetIndexManager:218 - Opening dict index: /Users/macmenta/BabelNet-3.7/dict_CC_BY_30
2018-05-20 16:13:26 INFO  BabelNetIndexManager:230 - Opening gloss index: /Users/macmenta/BabelNet-3.7/gloss_CC_BY_30
2018-05-20 16:13:26 INFO  BabelNetIndexManager:206 - Opening lexicon index: /Users/macmenta/BabelNet-3.7/lexicon_CECILL_C
2018-05-20 16:13:26 INFO  BabelNetIndexManager:218 - Opening dict index: /Users/macmenta/BabelNet-3.7/dict_CECILL_C
2018-05-20 16:13:26 INFO  BabelNetIndexManager:230 - Opening gloss index: /Users/macmenta/BabelNet-3.7/gloss_CECILL_C
2018-05-20 16:13:26 INFO  BabelNetIndexManager:206 - Opening lexicon index: /Users/macmenta/BabelNet-3.7/lexicon_APACHE_20
2018-05-20 16:13:26 INFO  BabelNetIndexManager:218 - Opening dict index: /Users/macmenta/BabelNet-3.7/dict_APACHE_20
2018-05-20 16:13:26 INFO  BabelNetIndexManager:230 - Opening gloss index: /Users/macmenta/BabelNet-3.7/gloss_APACHE_20
2018-05-20 16:13:26 INFO  BabelNetIndexManager:206 - Opening lexicon index: /Users/macmenta/BabelNet-3.7/lexicon_CC_BY_NC_SA_30
2018-05-20 16:13:26 INFO  BabelNetIndexManager:218 - Opening dict index: /Users/macmenta/BabelNet-3.7/dict_CC_BY_NC_SA_30
2018-05-20 16:13:26 INFO  BabelNetIndexManager:230 - Opening gloss index: /Users/macmenta/BabelNet-3.7/gloss_CC_BY_NC_SA_30
2018-05-20 16:13:26 INFO  BabelNetIndexManager:206 - Opening lexicon index: /Users/macmenta/BabelNet-3.7/lexicon_MLP
2018-05-20 16:13:26 INFO  BabelNetIndexManager:218 - Opening dict index: /Users/macmenta/BabelNet-3.7/dict_MLP
2018-05-20 16:13:26 INFO  BabelNetIndexManager:230 - Opening gloss index: /Users/macmenta/BabelNet-3.7/gloss_MLP
2018-05-20 16:13:26 INFO  BabelNetIndexManager:242 - Using BabelNet v3.7
2018-05-20 16:13:26 INFO  BabelNetIndexManager:246 - Opening mapping index
2018-05-20 16:13:26 INFO  BabelNetIndexManager:258 - Opening graph index: /Users/macmenta/BabelNet-3.7/graph_CC_BY_NC_SA_30
2018-05-20 16:13:26 INFO  BabelNetIndexManager:274 - Opening image index: /Users/macmenta/BabelNet-3.7/image
2018-05-20 16:13:26 INFO  BabelNetIndexManager:283 - Opening info index: /Users/macmenta/BabelNet-3.7/info_CC_BY_NC_SA_30
2018-05-20 16:13:26 INFO  BabelNetIndexManager:292 - Opening info index: /Users/macmenta/BabelNet-3.7/info_wordnet
2018-05-20 16:13:26 INFO  BabelNet:55 - BabelNet offline API v3.7 written by Francesco Cecconi, Roberto Navigli and Daniele Vannella
2018-05-20 16:13:28 INFO  BabelnetPreprocess:212 - Número de nodos inicial: 347
2018-05-20 16:13:46 INFO  BabelnetPreprocess:71 - Número de nodos final: 540
2018-05-20 16:13:46 INFO  FreelingPreprocess:32 - Procesando fragmento 2 de: suspicious-document00086.txt
2018-05-20 16:13:46 INFO  BabelnetPreprocess:212 - Número de nodos inicial: 141
2018-05-20 16:13:52 INFO  BabelnetPreprocess:71 - Número de nodos final: 167
2018-05-20 16:13:52 INFO  FreelingPreprocess:32 - Procesando fragmento 3 de: suspicious-document00086.txt
2018-05-20 16:13:53 INFO  BabelnetPreprocess:212 - Número de nodos inicial: 306
2018-05-20 16:14:06 INFO  BabelnetPreprocess:71 - Número de nodos final: 444
2018-05-20 16:14:06 INFO  FreelingPreprocess:32 - Procesando fragmento 4 de: suspicious-document00086.txt
2018-05-20 16:14:07 INFO  BabelnetPreprocess:212 - Número de nodos inicial: 541
2018-05-20 16:14:38 INFO  BabelnetPreprocess:71 - Número de nodos final: 782
2018-05-20 16:14:38 INFO  FreelingPreprocess:32 - Procesando fragmento 5 de: suspicious-document00086.txt
2018-05-20 16:14:39 INFO  BabelnetPreprocess:212 - Número de nodos inicial: 522
2018-05-20 16:15:09 INFO  BabelnetPreprocess:71 - Número de nodos final: 722
2018-05-20 16:15:09 INFO  FreelingPreprocess:32 - Procesando fragmento 6 de: suspicious-document00086.txt
2018-05-20 16:15:10 INFO  BabelnetPreprocess:212 - Número de nodos inicial: 647
2018-05-20 16:15:43 INFO  BabelnetPreprocess:71 - Número de nodos final: 1037
2018-05-20 16:15:43 INFO  FreelingPreprocess:32 - Procesando fragmento 7 de: suspicious-document00086.txt
2018-05-20 16:15:45 INFO  BabelnetPreprocess:212 - Número de nodos inicial: 818
2018-05-20 16:16:31 INFO  BabelnetPreprocess:71 - Número de nodos final: 1442
2018-05-20 16:16:31 INFO  FreelingPreprocess:32 - Procesando fragmento 8 de: suspicious-document00086.txt
2018-05-20 16:16:33 INFO  BabelnetPreprocess:212 - Número de nodos inicial: 805
2018-05-20 16:17:14 INFO  BabelnetPreprocess:71 - Número de nodos final: 1282
2018-05-20 16:17:14 INFO  FreelingPreprocess:32 - Procesando fragmento 9 de: suspicious-document00086.txt
2018-05-20 16:17:16 INFO  BabelnetPreprocess:212 - Número de nodos inicial: 818
2018-05-20 16:17:56 INFO  BabelnetPreprocess:71 - Número de nodos final: 1510
2018-05-20 16:17:56 INFO  FreelingPreprocess:32 - Procesando fragmento 10 de: suspicious-document00086.txt
2018-05-20 16:17:57 INFO  BabelnetPreprocess:212 - Número de nodos inicial: 324
2018-05-20 16:18:15 INFO  BabelnetPreprocess:71 - Número de nodos final: 505
2018-05-20 16:18:15 INFO  FreelingPreprocess:32 - Procesando fragmento 11 de: suspicious-document00086.txt
2018-05-20 16:18:15 INFO  BabelnetPreprocess:212 - Número de nodos inicial: 137
2018-05-20 16:18:22 INFO  BabelnetPreprocess:71 - Número de nodos final: 192
2018-05-20 16:18:22 INFO  CorpusSerialization:61 - Execution time Document suspicious-document00086.txt is 309,75100 seconds
2018-05-20 16:18:56 INFO  FreelingPreprocess:30 - Fragmentos totales de suspicious-document00092.txt :8
2018-05-20 16:18:56 INFO  FreelingPreprocess:32 - Procesando fragmento 1 de: suspicious-document00092.txt
2018-05-20 16:18:59 INFO  BabelnetPreprocess:212 - Número de nodos inicial: 1304
2018-05-20 16:20:09 INFO  BabelnetPreprocess:71 - Número de nodos final: 2769
2018-05-20 16:20:09 INFO  FreelingPreprocess:32 - Procesando fragmento 2 de: suspicious-document00092.txt
2018-05-20 16:20:11 INFO  BabelnetPreprocess:212 - Número de nodos inicial: 557
2018-05-20 16:20:39 INFO  BabelnetPreprocess:71 - Número de nodos final: 959
2018-05-20 16:20:39 INFO  FreelingPreprocess:32 - Procesando fragmento 3 de: suspicious-document00092.txt
2018-05-20 16:20:40 INFO  BabelnetPreprocess:212 - Número de nodos inicial: 533
2018-05-20 16:21:05 INFO  BabelnetPreprocess:71 - Número de nodos final: 838
2018-05-20 16:21:05 INFO  FreelingPreprocess:32 - Procesando fragmento 4 de: suspicious-document00092.txt
2018-05-20 16:21:06 INFO  BabelnetPreprocess:212 - Número de nodos inicial: 500
2018-05-20 16:21:31 INFO  BabelnetPreprocess:71 - Número de nodos final: 844
2018-05-20 16:21:31 INFO  FreelingPreprocess:32 - Procesando fragmento 5 de: suspicious-document00092.txt
2018-05-20 16:21:32 INFO  BabelnetPreprocess:212 - Número de nodos inicial: 547
2018-05-20 16:22:00 INFO  BabelnetPreprocess:71 - Número de nodos final: 1016
2018-05-20 16:22:00 INFO  FreelingPreprocess:32 - Procesando fragmento 6 de: suspicious-document00092.txt
2018-05-20 16:22:02 INFO  BabelnetPreprocess:212 - Número de nodos inicial: 600
2018-05-20 16:22:32 INFO  BabelnetPreprocess:71 - Número de nodos final: 1160
2018-05-20 16:22:32 INFO  FreelingPreprocess:32 - Procesando fragmento 7 de: suspicious-document00092.txt
2018-05-20 16:22:33 INFO  BabelnetPreprocess:212 - Número de nodos inicial: 297
2018-05-20 16:22:47 INFO  BabelnetPreprocess:71 - Número de nodos final: 455
2018-05-20 16:22:47 INFO  FreelingPreprocess:32 - Procesando fragmento 8 de: suspicious-document00092.txt
2018-05-20 16:22:47 INFO  BabelnetPreprocess:212 - Número de nodos inicial: 43
2018-05-20 16:22:49 INFO  BabelnetPreprocess:71 - Número de nodos final: 48
2018-05-20 16:22:49 INFO  CorpusSerialization:61 - Execution time Document suspicious-document00092.txt is 265,58300 seconds
2018-05-20 16:23:07 INFO  FreelingPreprocess:30 - Fragmentos totales de suspicious-document00245.txt :21
2018-05-20 16:23:07 INFO  FreelingPreprocess:32 - Procesando fragmento 1 de: suspicious-document00245.txt
2018-05-20 16:23:07 INFO  BabelnetPreprocess:212 - Número de nodos inicial: 186
2018-05-20 16:23:15 INFO  BabelnetPreprocess:71 - Número de nodos final: 231
2018-05-20 16:23:15 INFO  FreelingPreprocess:32 - Procesando fragmento 2 de: suspicious-document00245.txt
2018-05-20 16:23:16 INFO  BabelnetPreprocess:212 - Número de nodos inicial: 152
2018-05-20 16:23:21 INFO  BabelnetPreprocess:71 - Número de nodos final: 175
2018-05-20 16:23:21 INFO  FreelingPreprocess:32 - Procesando fragmento 3 de: suspicious-document00245.txt
2018-05-20 16:23:21 INFO  BabelnetPreprocess:212 - Número de nodos inicial: 94
2018-05-20 16:23:26 INFO  BabelnetPreprocess:71 - Número de nodos final: 106
2018-05-20 16:23:26 INFO  FreelingPreprocess:32 - Procesando fragmento 4 de: suspicious-document00245.txt
2018-05-20 16:23:26 INFO  BabelnetPreprocess:212 - Número de nodos inicial: 179
2018-05-20 16:23:34 INFO  BabelnetPreprocess:71 - Número de nodos final: 220
2018-05-20 16:23:34 INFO  FreelingPreprocess:32 - Procesando fragmento 5 de: suspicious-document00245.txt
2018-05-20 16:23:35 INFO  BabelnetPreprocess:212 - Número de nodos inicial: 216
2018-05-20 16:23:44 INFO  BabelnetPreprocess:71 - Número de nodos final: 279
2018-05-20 16:23:44 INFO  FreelingPreprocess:32 - Procesando fragmento 6 de: suspicious-document00245.txt
2018-05-20 16:23:45 INFO  BabelnetPreprocess:212 - Número de nodos inicial: 335
2018-05-20 16:23:57 INFO  BabelnetPreprocess:71 - Número de nodos final: 471
2018-05-20 16:23:57 INFO  FreelingPreprocess:32 - Procesando fragmento 7 de: suspicious-document00245.txt
2018-05-20 16:23:58 INFO  BabelnetPreprocess:212 - Número de nodos inicial: 293
2018-05-20 16:24:08 INFO  BabelnetPreprocess:71 - Número de nodos final: 398
2018-05-20 16:24:08 INFO  FreelingPreprocess:32 - Procesando fragmento 8 de: suspicious-document00245.txt
2018-05-20 16:24:08 INFO  BabelnetPreprocess:212 - Número de nodos inicial: 330
2018-05-20 16:24:27 INFO  BabelnetPreprocess:71 - Número de nodos final: 354
2018-05-20 16:24:27 INFO  FreelingPreprocess:32 - Procesando fragmento 9 de: suspicious-document00245.txt
2018-05-20 16:24:28 INFO  BabelnetPreprocess:212 - Número de nodos inicial: 375
2018-05-20 16:24:48 INFO  BabelnetPreprocess:71 - Número de nodos final: 431
2018-05-20 16:24:48 INFO  FreelingPreprocess:32 - Procesando fragmento 10 de: suspicious-document00245.txt
2018-05-20 16:24:49 INFO  BabelnetPreprocess:212 - Número de nodos inicial: 375
2018-05-20 16:25:07 INFO  BabelnetPreprocess:71 - Número de nodos final: 454
2018-05-20 16:25:07 INFO  FreelingPreprocess:32 - Procesando fragmento 11 de: suspicious-document00245.txt
2018-05-20 16:25:07 INFO  BabelnetPreprocess:212 - Número de nodos inicial: 208
2018-05-20 16:25:15 INFO  BabelnetPreprocess:71 - Número de nodos final: 258
2018-05-20 16:25:15 INFO  FreelingPreprocess:32 - Procesando fragmento 12 de: suspicious-document00245.txt
2018-05-20 16:25:16 INFO  BabelnetPreprocess:212 - Número de nodos inicial: 237
2018-05-20 16:25:25 INFO  BabelnetPreprocess:71 - Número de nodos final: 300
2018-05-20 16:25:25 INFO  FreelingPreprocess:32 - Procesando fragmento 13 de: suspicious-document00245.txt
2018-05-20 16:25:26 INFO  BabelnetPreprocess:212 - Número de nodos inicial: 300
2018-05-20 16:25:40 INFO  BabelnetPreprocess:71 - Número de nodos final: 395
2018-05-20 16:25:40 INFO  FreelingPreprocess:32 - Procesando fragmento 14 de: suspicious-document00245.txt
2018-05-20 16:25:41 INFO  BabelnetPreprocess:212 - Número de nodos inicial: 518
2018-05-20 16:26:09 INFO  BabelnetPreprocess:71 - Número de nodos final: 766
2018-05-20 16:26:09 INFO  FreelingPreprocess:32 - Procesando fragmento 15 de: suspicious-document00245.txt
2018-05-20 16:26:10 INFO  BabelnetPreprocess:212 - Número de nodos inicial: 509
2018-05-20 16:26:38 INFO  BabelnetPreprocess:71 - Número de nodos final: 708
2018-05-20 16:26:38 INFO  FreelingPreprocess:32 - Procesando fragmento 16 de: suspicious-document00245.txt
2018-05-20 16:26:39 INFO  BabelnetPreprocess:212 - Número de nodos inicial: 539
2018-05-20 16:27:11 INFO  BabelnetPreprocess:71 - Número de nodos final: 720
2018-05-20 16:27:11 INFO  FreelingPreprocess:32 - Procesando fragmento 17 de: suspicious-document00245.txt
2018-05-20 16:27:12 INFO  BabelnetPreprocess:212 - Número de nodos inicial: 550
2018-05-20 16:27:45 INFO  BabelnetPreprocess:71 - Número de nodos final: 719
2018-05-20 16:27:45 INFO  FreelingPreprocess:32 - Procesando fragmento 18 de: suspicious-document00245.txt
2018-05-20 16:27:46 INFO  BabelnetPreprocess:212 - Número de nodos inicial: 578
2018-05-20 16:28:21 INFO  BabelnetPreprocess:71 - Número de nodos final: 850
2018-05-20 16:28:21 INFO  FreelingPreprocess:32 - Procesando fragmento 19 de: suspicious-document00245.txt
2018-05-20 16:28:22 INFO  BabelnetPreprocess:212 - Número de nodos inicial: 457
2018-05-20 16:28:45 INFO  BabelnetPreprocess:71 - Número de nodos final: 685
2018-05-20 16:28:45 INFO  FreelingPreprocess:32 - Procesando fragmento 20 de: suspicious-document00245.txt
2018-05-20 16:28:45 INFO  BabelnetPreprocess:212 - Número de nodos inicial: 259
2018-05-20 16:28:58 INFO  BabelnetPreprocess:71 - Número de nodos final: 332
2018-05-20 16:28:58 INFO  FreelingPreprocess:32 - Procesando fragmento 21 de: suspicious-document00245.txt
2018-05-20 16:28:58 INFO  BabelnetPreprocess:212 - Número de nodos inicial: 157
2018-05-20 16:29:05 INFO  BabelnetPreprocess:71 - Número de nodos final: 180
2018-05-20 16:29:05 INFO  CorpusSerialization:61 - Execution time Document suspicious-document00245.txt is 375,71700 seconds
2018-05-20 16:29:27 INFO  FreelingPreprocess:30 - Fragmentos totales de suspicious-document00331.txt :10
2018-05-20 16:29:27 INFO  FreelingPreprocess:32 - Procesando fragmento 1 de: suspicious-document00331.txt
2018-05-20 16:29:28 INFO  BabelnetPreprocess:212 - Número de nodos inicial: 410
2018-05-20 16:29:55 INFO  BabelnetPreprocess:71 - Número de nodos final: 585
2018-05-20 16:29:55 INFO  FreelingPreprocess:32 - Procesando fragmento 2 de: suspicious-document00331.txt
2018-05-20 16:29:56 INFO  BabelnetPreprocess:212 - Número de nodos inicial: 590
2018-05-20 16:30:33 INFO  BabelnetPreprocess:71 - Número de nodos final: 889
2018-05-20 16:30:33 INFO  FreelingPreprocess:32 - Procesando fragmento 3 de: suspicious-document00331.txt
2018-05-20 16:30:35 INFO  BabelnetPreprocess:212 - Número de nodos inicial: 784
2018-05-20 16:31:26 INFO  BabelnetPreprocess:71 - Número de nodos final: 1156
2018-05-20 16:31:26 INFO  FreelingPreprocess:32 - Procesando fragmento 4 de: suspicious-document00331.txt
2018-05-20 16:31:28 INFO  BabelnetPreprocess:212 - Número de nodos inicial: 998
2018-05-20 16:32:26 INFO  BabelnetPreprocess:71 - Número de nodos final: 1930
2018-05-20 16:32:26 INFO  FreelingPreprocess:32 - Procesando fragmento 5 de: suspicious-document00331.txt
2018-05-20 16:32:27 INFO  BabelnetPreprocess:212 - Número de nodos inicial: 823
2018-05-20 16:33:20 INFO  BabelnetPreprocess:71 - Número de nodos final: 1649
2018-05-20 16:33:20 INFO  FreelingPreprocess:32 - Procesando fragmento 6 de: suspicious-document00331.txt
2018-05-20 16:33:21 INFO  BabelnetPreprocess:212 - Número de nodos inicial: 565
2018-05-20 16:33:56 INFO  BabelnetPreprocess:71 - Número de nodos final: 1052
2018-05-20 16:33:56 INFO  FreelingPreprocess:32 - Procesando fragmento 7 de: suspicious-document00331.txt
2018-05-20 16:33:56 INFO  BabelnetPreprocess:212 - Número de nodos inicial: 287
2018-05-20 16:34:15 INFO  BabelnetPreprocess:71 - Número de nodos final: 360
2018-05-20 16:34:15 INFO  FreelingPreprocess:32 - Procesando fragmento 8 de: suspicious-document00331.txt
2018-05-20 16:34:16 INFO  BabelnetPreprocess:212 - Número de nodos inicial: 277
2018-05-20 16:34:34 INFO  BabelnetPreprocess:71 - Número de nodos final: 331
2018-05-20 16:34:34 INFO  FreelingPreprocess:32 - Procesando fragmento 9 de: suspicious-document00331.txt
2018-05-20 16:34:35 INFO  BabelnetPreprocess:212 - Número de nodos inicial: 235
2018-05-20 16:34:52 INFO  BabelnetPreprocess:71 - Número de nodos final: 281
2018-05-20 16:34:52 INFO  FreelingPreprocess:32 - Procesando fragmento 10 de: suspicious-document00331.txt
2018-05-20 16:34:52 INFO  BabelnetPreprocess:212 - Número de nodos inicial: 49
2018-05-20 16:34:57 INFO  BabelnetPreprocess:71 - Número de nodos final: 50
2018-05-20 16:34:57 INFO  CorpusSerialization:61 - Execution time Document suspicious-document00331.txt is 351,76500 seconds
2018-05-20 16:35:22 INFO  FreelingPreprocess:30 - Fragmentos totales de suspicious-document00293.txt :11
2018-05-20 16:35:22 INFO  FreelingPreprocess:32 - Procesando fragmento 1 de: suspicious-document00293.txt
2018-05-20 16:35:24 INFO  BabelnetPreprocess:212 - Número de nodos inicial: 872
2018-05-20 16:36:23 INFO  BabelnetPreprocess:71 - Número de nodos final: 1367
2018-05-20 16:36:23 INFO  FreelingPreprocess:32 - Procesando fragmento 2 de: suspicious-document00293.txt
2018-05-20 16:36:24 INFO  BabelnetPreprocess:212 - Número de nodos inicial: 764
2018-05-20 16:37:13 INFO  BabelnetPreprocess:71 - Número de nodos final: 1380
2018-05-20 16:37:13 INFO  FreelingPreprocess:32 - Procesando fragmento 3 de: suspicious-document00293.txt
2018-05-20 16:37:15 INFO  BabelnetPreprocess:212 - Número de nodos inicial: 685
2018-05-20 16:37:59 INFO  BabelnetPreprocess:71 - Número de nodos final: 1192
2018-05-20 16:37:59 INFO  FreelingPreprocess:32 - Procesando fragmento 4 de: suspicious-document00293.txt
2018-05-20 16:38:01 INFO  BabelnetPreprocess:212 - Número de nodos inicial: 920
2018-05-20 16:39:02 INFO  BabelnetPreprocess:71 - Número de nodos final: 1627
2018-05-20 16:39:02 INFO  FreelingPreprocess:32 - Procesando fragmento 5 de: suspicious-document00293.txt
2018-05-20 16:39:03 INFO  BabelnetPreprocess:212 - Número de nodos inicial: 763
2018-05-20 16:39:58 INFO  BabelnetPreprocess:71 - Número de nodos final: 1255
2018-05-20 16:39:58 INFO  FreelingPreprocess:32 - Procesando fragmento 6 de: suspicious-document00293.txt
2018-05-20 16:40:00 INFO  BabelnetPreprocess:212 - Número de nodos inicial: 759
2018-05-20 16:40:56 INFO  BabelnetPreprocess:71 - Número de nodos final: 1331
2018-05-20 16:40:56 INFO  FreelingPreprocess:32 - Procesando fragmento 7 de: suspicious-document00293.txt
2018-05-20 16:40:57 INFO  BabelnetPreprocess:212 - Número de nodos inicial: 542
2018-05-20 16:41:38 INFO  BabelnetPreprocess:71 - Número de nodos final: 908
2018-05-20 16:41:38 INFO  FreelingPreprocess:32 - Procesando fragmento 8 de: suspicious-document00293.txt
2018-05-20 16:41:39 INFO  BabelnetPreprocess:212 - Número de nodos inicial: 355
2018-05-20 16:42:01 INFO  BabelnetPreprocess:71 - Número de nodos final: 606
2018-05-20 16:42:01 INFO  FreelingPreprocess:32 - Procesando fragmento 9 de: suspicious-document00293.txt
2018-05-20 16:42:01 INFO  BabelnetPreprocess:212 - Número de nodos inicial: 460
2018-05-20 16:42:27 INFO  BabelnetPreprocess:71 - Número de nodos final: 651
2018-05-20 16:42:27 INFO  FreelingPreprocess:32 - Procesando fragmento 10 de: suspicious-document00293.txt
2018-05-20 16:42:29 INFO  BabelnetPreprocess:212 - Número de nodos inicial: 774
2018-05-20 16:43:24 INFO  BabelnetPreprocess:71 - Número de nodos final: 1098
2018-05-20 16:43:24 INFO  FreelingPreprocess:32 - Procesando fragmento 11 de: suspicious-document00293.txt
2018-05-20 16:43:25 INFO  BabelnetPreprocess:212 - Número de nodos inicial: 578
2018-05-20 16:44:06 INFO  BabelnetPreprocess:71 - Número de nodos final: 759
2018-05-20 16:44:06 INFO  CorpusSerialization:61 - Execution time Document suspicious-document00293.txt is 549,09200 seconds
2018-05-20 16:44:20 INFO  FreelingPreprocess:30 - Fragmentos totales de suspicious-document00122.txt :13
2018-05-20 16:44:20 INFO  FreelingPreprocess:32 - Procesando fragmento 1 de: suspicious-document00122.txt
2018-05-20 16:44:21 INFO  BabelnetPreprocess:212 - Número de nodos inicial: 386
2018-05-20 16:44:48 INFO  BabelnetPreprocess:71 - Número de nodos final: 523
2018-05-20 16:44:48 INFO  FreelingPreprocess:32 - Procesando fragmento 2 de: suspicious-document00122.txt
2018-05-20 16:44:49 INFO  BabelnetPreprocess:212 - Número de nodos inicial: 467
2018-05-20 16:45:16 INFO  BabelnetPreprocess:71 - Número de nodos final: 713
2018-05-20 16:45:16 INFO  FreelingPreprocess:32 - Procesando fragmento 3 de: suspicious-document00122.txt
2018-05-20 16:45:18 INFO  BabelnetPreprocess:212 - Número de nodos inicial: 846
2018-05-20 16:46:14 INFO  BabelnetPreprocess:71 - Número de nodos final: 1323
2018-05-20 16:46:14 INFO  FreelingPreprocess:32 - Procesando fragmento 4 de: suspicious-document00122.txt
2018-05-20 16:46:16 INFO  BabelnetPreprocess:212 - Número de nodos inicial: 657
2018-05-20 16:46:59 INFO  BabelnetPreprocess:71 - Número de nodos final: 900
2018-05-20 16:46:59 INFO  FreelingPreprocess:32 - Procesando fragmento 5 de: suspicious-document00122.txt
2018-05-20 16:47:00 INFO  BabelnetPreprocess:212 - Número de nodos inicial: 604
2018-05-20 16:47:42 INFO  BabelnetPreprocess:71 - Número de nodos final: 856
2018-05-20 16:47:42 INFO  FreelingPreprocess:32 - Procesando fragmento 6 de: suspicious-document00122.txt
2018-05-20 16:47:43 INFO  BabelnetPreprocess:212 - Número de nodos inicial: 628
2018-05-20 16:48:21 INFO  BabelnetPreprocess:71 - Número de nodos final: 984
2018-05-20 16:48:21 INFO  FreelingPreprocess:32 - Procesando fragmento 7 de: suspicious-document00122.txt
2018-05-20 16:48:23 INFO  BabelnetPreprocess:212 - Número de nodos inicial: 892
2018-05-20 16:49:27 INFO  BabelnetPreprocess:71 - Número de nodos final: 1588
2018-05-20 16:49:27 INFO  FreelingPreprocess:32 - Procesando fragmento 8 de: suspicious-document00122.txt
2018-05-20 16:49:29 INFO  BabelnetPreprocess:212 - Número de nodos inicial: 961
2018-05-20 16:50:44 INFO  BabelnetPreprocess:71 - Número de nodos final: 1756
2018-05-20 16:50:44 INFO  FreelingPreprocess:32 - Procesando fragmento 9 de: suspicious-document00122.txt
2018-05-20 16:50:45 INFO  BabelnetPreprocess:212 - Número de nodos inicial: 818
2018-05-20 16:51:47 INFO  BabelnetPreprocess:71 - Número de nodos final: 1114
2018-05-20 16:51:47 INFO  FreelingPreprocess:32 - Procesando fragmento 10 de: suspicious-document00122.txt
2018-05-20 16:51:48 INFO  BabelnetPreprocess:212 - Número de nodos inicial: 767
2018-05-20 16:52:45 INFO  BabelnetPreprocess:71 - Número de nodos final: 1135
2018-05-20 16:52:45 INFO  FreelingPreprocess:32 - Procesando fragmento 11 de: suspicious-document00122.txt
2018-05-20 16:52:46 INFO  BabelnetPreprocess:212 - Número de nodos inicial: 726
2018-05-20 16:53:36 INFO  BabelnetPreprocess:71 - Número de nodos final: 1266
2018-05-20 16:53:36 INFO  FreelingPreprocess:32 - Procesando fragmento 12 de: suspicious-document00122.txt
2018-05-20 16:53:36 INFO  BabelnetPreprocess:212 - Número de nodos inicial: 507
2018-05-20 16:54:10 INFO  BabelnetPreprocess:71 - Número de nodos final: 841
2018-05-20 16:54:10 INFO  FreelingPreprocess:32 - Procesando fragmento 13 de: suspicious-document00122.txt
2018-05-20 16:54:11 INFO  BabelnetPreprocess:212 - Número de nodos inicial: 412
2018-05-20 16:54:39 INFO  BabelnetPreprocess:71 - Número de nodos final: 642
2018-05-20 16:54:39 INFO  CorpusSerialization:61 - Execution time Document suspicious-document00122.txt is 632,30200 seconds
2018-05-20 16:55:08 INFO  FreelingPreprocess:30 - Fragmentos totales de suspicious-document00243.txt :19
2018-05-20 16:55:08 INFO  FreelingPreprocess:32 - Procesando fragmento 1 de: suspicious-document00243.txt
2018-05-20 16:55:10 INFO  BabelnetPreprocess:212 - Número de nodos inicial: 765
2018-05-20 16:56:13 INFO  BabelnetPreprocess:71 - Número de nodos final: 1169
2018-05-20 16:56:13 INFO  FreelingPreprocess:32 - Procesando fragmento 2 de: suspicious-document00243.txt
2018-05-20 16:56:14 INFO  BabelnetPreprocess:212 - Número de nodos inicial: 620
2018-05-20 16:57:03 INFO  BabelnetPreprocess:71 - Número de nodos final: 982
2018-05-20 16:57:03 INFO  FreelingPreprocess:32 - Procesando fragmento 3 de: suspicious-document00243.txt
2018-05-20 16:57:05 INFO  BabelnetPreprocess:212 - Número de nodos inicial: 691
2018-05-20 16:57:58 INFO  BabelnetPreprocess:71 - Número de nodos final: 1125
2018-05-20 16:57:58 INFO  FreelingPreprocess:32 - Procesando fragmento 4 de: suspicious-document00243.txt
2018-05-20 16:57:59 INFO  BabelnetPreprocess:212 - Número de nodos inicial: 653
2018-05-20 16:58:47 INFO  BabelnetPreprocess:71 - Número de nodos final: 1004
2018-05-20 16:58:47 INFO  FreelingPreprocess:32 - Procesando fragmento 5 de: suspicious-document00243.txt
2018-05-20 16:58:48 INFO  BabelnetPreprocess:212 - Número de nodos inicial: 553
2018-05-20 16:59:26 INFO  BabelnetPreprocess:71 - Número de nodos final: 807
2018-05-20 16:59:26 INFO  FreelingPreprocess:32 - Procesando fragmento 6 de: suspicious-document00243.txt
2018-05-20 16:59:27 INFO  BabelnetPreprocess:212 - Número de nodos inicial: 393
2018-05-20 16:59:53 INFO  BabelnetPreprocess:71 - Número de nodos final: 630
2018-05-20 16:59:53 INFO  FreelingPreprocess:32 - Procesando fragmento 7 de: suspicious-document00243.txt
2018-05-20 16:59:54 INFO  BabelnetPreprocess:212 - Número de nodos inicial: 581
2018-05-20 17:00:38 INFO  BabelnetPreprocess:71 - Número de nodos final: 908
2018-05-20 17:00:38 INFO  FreelingPreprocess:32 - Procesando fragmento 8 de: suspicious-document00243.txt
2018-05-20 17:00:39 INFO  BabelnetPreprocess:212 - Número de nodos inicial: 464
2018-05-20 17:01:13 INFO  BabelnetPreprocess:71 - Número de nodos final: 629
2018-05-20 17:01:13 INFO  FreelingPreprocess:32 - Procesando fragmento 9 de: suspicious-document00243.txt
2018-05-20 17:01:15 INFO  BabelnetPreprocess:212 - Número de nodos inicial: 763
2018-05-20 17:02:17 INFO  BabelnetPreprocess:71 - Número de nodos final: 1064
2018-05-20 17:02:17 INFO  FreelingPreprocess:32 - Procesando fragmento 10 de: suspicious-document00243.txt
2018-05-20 17:02:19 INFO  BabelnetPreprocess:212 - Número de nodos inicial: 720
2018-05-20 17:03:18 INFO  BabelnetPreprocess:71 - Número de nodos final: 1077
2018-05-20 17:03:18 INFO  FreelingPreprocess:32 - Procesando fragmento 11 de: suspicious-document00243.txt
2018-05-20 17:03:19 INFO  BabelnetPreprocess:212 - Número de nodos inicial: 1061
2018-05-20 17:04:39 INFO  BabelnetPreprocess:71 - Número de nodos final: 1629
2018-05-20 17:04:39 INFO  FreelingPreprocess:32 - Procesando fragmento 12 de: suspicious-document00243.txt
2018-05-20 17:04:42 INFO  BabelnetPreprocess:212 - Número de nodos inicial: 776
2018-05-20 17:05:40 INFO  BabelnetPreprocess:71 - Número de nodos final: 1160
2018-05-20 17:05:41 INFO  FreelingPreprocess:32 - Procesando fragmento 13 de: suspicious-document00243.txt
2018-05-20 17:05:42 INFO  BabelnetPreprocess:212 - Número de nodos inicial: 577
2018-05-20 17:06:20 INFO  BabelnetPreprocess:71 - Número de nodos final: 875
2018-05-20 17:06:20 INFO  FreelingPreprocess:32 - Procesando fragmento 14 de: suspicious-document00243.txt
2018-05-20 17:06:21 INFO  BabelnetPreprocess:212 - Número de nodos inicial: 392
2018-05-20 17:06:55 INFO  BabelnetPreprocess:71 - Número de nodos final: 502
2018-05-20 17:06:55 INFO  FreelingPreprocess:32 - Procesando fragmento 15 de: suspicious-document00243.txt
2018-05-20 17:06:56 INFO  BabelnetPreprocess:212 - Número de nodos inicial: 324
2018-05-20 17:07:22 INFO  BabelnetPreprocess:71 - Número de nodos final: 388
2018-05-20 17:07:22 INFO  FreelingPreprocess:32 - Procesando fragmento 16 de: suspicious-document00243.txt
2018-05-20 17:07:23 INFO  BabelnetPreprocess:212 - Número de nodos inicial: 239
2018-05-20 17:07:45 INFO  BabelnetPreprocess:71 - Número de nodos final: 267
2018-05-20 17:07:45 INFO  FreelingPreprocess:32 - Procesando fragmento 17 de: suspicious-document00243.txt
2018-05-20 17:07:46 INFO  BabelnetPreprocess:212 - Número de nodos inicial: 201
2018-05-20 17:08:04 INFO  BabelnetPreprocess:71 - Número de nodos final: 232
2018-05-20 17:08:04 INFO  FreelingPreprocess:32 - Procesando fragmento 18 de: suspicious-document00243.txt
2018-05-20 17:08:04 INFO  BabelnetPreprocess:212 - Número de nodos inicial: 176
2018-05-20 17:08:21 INFO  BabelnetPreprocess:71 - Número de nodos final: 197
2018-05-20 17:08:21 INFO  FreelingPreprocess:32 - Procesando fragmento 19 de: suspicious-document00243.txt
2018-05-20 17:08:21 INFO  BabelnetPreprocess:212 - Número de nodos inicial: 90
2018-05-20 17:08:29 INFO  BabelnetPreprocess:71 - Número de nodos final: 90
2018-05-20 17:08:29 INFO  CorpusSerialization:61 - Execution time Document suspicious-document00243.txt is 829,70000 seconds
2018-05-20 17:08:38 INFO  FreelingPreprocess:30 - Fragmentos totales de suspicious-document00069.txt :17
2018-05-20 17:08:38 INFO  FreelingPreprocess:32 - Procesando fragmento 1 de: suspicious-document00069.txt
2018-05-20 17:08:41 INFO  BabelnetPreprocess:212 - Número de nodos inicial: 792
2018-05-20 17:09:50 INFO  BabelnetPreprocess:71 - Número de nodos final: 1644
2018-05-20 17:09:50 INFO  FreelingPreprocess:32 - Procesando fragmento 2 de: suspicious-document00069.txt
2018-05-20 17:09:52 INFO  BabelnetPreprocess:212 - Número de nodos inicial: 550
2018-05-20 17:10:40 INFO  BabelnetPreprocess:71 - Número de nodos final: 748
2018-05-20 17:10:40 INFO  FreelingPreprocess:32 - Procesando fragmento 3 de: suspicious-document00069.txt
2018-05-20 17:10:41 INFO  BabelnetPreprocess:212 - Número de nodos inicial: 370
2018-05-20 17:11:11 INFO  BabelnetPreprocess:71 - Número de nodos final: 586
2018-05-20 17:11:11 INFO  FreelingPreprocess:32 - Procesando fragmento 4 de: suspicious-document00069.txt
2018-05-20 17:11:12 INFO  BabelnetPreprocess:212 - Número de nodos inicial: 304
2018-05-20 17:11:35 INFO  BabelnetPreprocess:71 - Número de nodos final: 463
2018-05-20 17:11:35 INFO  FreelingPreprocess:32 - Procesando fragmento 5 de: suspicious-document00069.txt
2018-05-20 17:11:35 INFO  BabelnetPreprocess:212 - Número de nodos inicial: 418
2018-05-20 17:12:04 INFO  BabelnetPreprocess:71 - Número de nodos final: 692
2018-05-20 17:12:04 INFO  FreelingPreprocess:32 - Procesando fragmento 6 de: suspicious-document00069.txt
2018-05-20 17:12:06 INFO  BabelnetPreprocess:212 - Número de nodos inicial: 675
2018-05-20 17:12:52 INFO  BabelnetPreprocess:71 - Número de nodos final: 1213
2018-05-20 17:12:52 INFO  FreelingPreprocess:32 - Procesando fragmento 7 de: suspicious-document00069.txt
2018-05-20 17:12:53 INFO  BabelnetPreprocess:212 - Número de nodos inicial: 672
2018-05-20 17:13:40 INFO  BabelnetPreprocess:71 - Número de nodos final: 1140
2018-05-20 17:13:40 INFO  FreelingPreprocess:32 - Procesando fragmento 8 de: suspicious-document00069.txt
2018-05-20 17:13:41 INFO  BabelnetPreprocess:212 - Número de nodos inicial: 364
2018-05-20 17:14:04 INFO  BabelnetPreprocess:71 - Número de nodos final: 523
2018-05-20 17:14:04 INFO  FreelingPreprocess:32 - Procesando fragmento 9 de: suspicious-document00069.txt
2018-05-20 17:14:05 INFO  BabelnetPreprocess:212 - Número de nodos inicial: 343
2018-05-20 17:14:27 INFO  BabelnetPreprocess:71 - Número de nodos final: 480
2018-05-20 17:14:27 INFO  FreelingPreprocess:32 - Procesando fragmento 10 de: suspicious-document00069.txt
2018-05-20 17:14:27 INFO  BabelnetPreprocess:212 - Número de nodos inicial: 324
2018-05-20 17:14:50 INFO  BabelnetPreprocess:71 - Número de nodos final: 455
2018-05-20 17:14:50 INFO  FreelingPreprocess:32 - Procesando fragmento 11 de: suspicious-document00069.txt
2018-05-20 17:14:51 INFO  BabelnetPreprocess:212 - Número de nodos inicial: 196
2018-05-20 17:15:06 INFO  BabelnetPreprocess:71 - Número de nodos final: 263
2018-05-20 17:15:06 INFO  FreelingPreprocess:32 - Procesando fragmento 12 de: suspicious-document00069.txt
2018-05-20 17:15:06 INFO  BabelnetPreprocess:212 - Número de nodos inicial: 399
2018-05-20 17:15:32 INFO  BabelnetPreprocess:71 - Número de nodos final: 535
2018-05-20 17:15:32 INFO  FreelingPreprocess:32 - Procesando fragmento 13 de: suspicious-document00069.txt
2018-05-20 17:15:33 INFO  BabelnetPreprocess:212 - Número de nodos inicial: 418
2018-05-20 17:16:00 INFO  BabelnetPreprocess:71 - Número de nodos final: 564
2018-05-20 17:16:00 INFO  FreelingPreprocess:32 - Procesando fragmento 14 de: suspicious-document00069.txt
2018-05-20 17:16:01 INFO  BabelnetPreprocess:212 - Número de nodos inicial: 429
2018-05-20 17:16:30 INFO  BabelnetPreprocess:71 - Número de nodos final: 574
2018-05-20 17:16:30 INFO  FreelingPreprocess:32 - Procesando fragmento 15 de: suspicious-document00069.txt
2018-05-20 17:16:30 INFO  BabelnetPreprocess:212 - Número de nodos inicial: 267
2018-05-20 17:16:54 INFO  BabelnetPreprocess:71 - Número de nodos final: 322
2018-05-20 17:16:54 INFO  FreelingPreprocess:32 - Procesando fragmento 16 de: suspicious-document00069.txt
2018-05-20 17:16:54 INFO  BabelnetPreprocess:212 - Número de nodos inicial: 197
2018-05-20 17:17:11 INFO  BabelnetPreprocess:71 - Número de nodos final: 223
2018-05-20 17:17:11 INFO  FreelingPreprocess:32 - Procesando fragmento 17 de: suspicious-document00069.txt
2018-05-20 17:17:12 INFO  BabelnetPreprocess:212 - Número de nodos inicial: 84
2018-05-20 17:17:19 INFO  BabelnetPreprocess:71 - Número de nodos final: 96
2018-05-20 17:17:19 INFO  CorpusSerialization:61 - Execution time Document suspicious-document00069.txt is 529,66300 seconds
2018-05-20 17:17:49 INFO  FreelingPreprocess:30 - Fragmentos totales de suspicious-document00281.txt :9
2018-05-20 17:17:49 INFO  FreelingPreprocess:32 - Procesando fragmento 1 de: suspicious-document00281.txt
2018-05-20 17:17:51 INFO  BabelnetPreprocess:212 - Número de nodos inicial: 1130
2018-05-20 17:19:28 INFO  BabelnetPreprocess:71 - Número de nodos final: 2173
2018-05-20 17:19:28 INFO  FreelingPreprocess:32 - Procesando fragmento 2 de: suspicious-document00281.txt
2018-05-20 17:19:31 INFO  BabelnetPreprocess:212 - Número de nodos inicial: 1255
2018-05-20 17:21:13 INFO  BabelnetPreprocess:71 - Número de nodos final: 2232
2018-05-20 17:21:13 INFO  FreelingPreprocess:32 - Procesando fragmento 3 de: suspicious-document00281.txt
2018-05-20 17:21:14 INFO  BabelnetPreprocess:212 - Número de nodos inicial: 954
2018-05-20 17:22:35 INFO  BabelnetPreprocess:71 - Número de nodos final: 1725
2018-05-20 17:22:35 INFO  FreelingPreprocess:32 - Procesando fragmento 4 de: suspicious-document00281.txt
2018-05-20 17:22:36 INFO  BabelnetPreprocess:212 - Número de nodos inicial: 852
2018-05-20 17:23:41 INFO  BabelnetPreprocess:71 - Número de nodos final: 1502
2018-05-20 17:23:41 INFO  FreelingPreprocess:32 - Procesando fragmento 5 de: suspicious-document00281.txt
2018-05-20 17:23:43 INFO  BabelnetPreprocess:212 - Número de nodos inicial: 891
2018-05-20 17:24:50 INFO  BabelnetPreprocess:71 - Número de nodos final: 1680
2018-05-20 17:24:50 INFO  FreelingPreprocess:32 - Procesando fragmento 6 de: suspicious-document00281.txt
2018-05-20 17:24:52 INFO  BabelnetPreprocess:212 - Número de nodos inicial: 898
2018-05-20 17:25:56 INFO  BabelnetPreprocess:71 - Número de nodos final: 1783
2018-05-20 17:25:56 INFO  FreelingPreprocess:32 - Procesando fragmento 7 de: suspicious-document00281.txt
2018-05-20 17:25:58 INFO  BabelnetPreprocess:212 - Número de nodos inicial: 829
2018-05-20 17:26:56 INFO  BabelnetPreprocess:71 - Número de nodos final: 1508
2018-05-20 17:26:56 INFO  FreelingPreprocess:32 - Procesando fragmento 8 de: suspicious-document00281.txt
2018-05-20 17:26:58 INFO  BabelnetPreprocess:212 - Número de nodos inicial: 606
2018-05-20 17:27:43 INFO  BabelnetPreprocess:71 - Número de nodos final: 992
2018-05-20 17:27:43 INFO  FreelingPreprocess:32 - Procesando fragmento 9 de: suspicious-document00281.txt
2018-05-20 17:27:43 INFO  BabelnetPreprocess:212 - Número de nodos inicial: 242
2018-05-20 17:28:05 INFO  BabelnetPreprocess:71 - Número de nodos final: 268
2018-05-20 17:28:05 INFO  CorpusSerialization:61 - Execution time Document suspicious-document00281.txt is 645,53000 seconds
2018-05-20 17:28:31 INFO  FreelingPreprocess:30 - Fragmentos totales de suspicious-document00193.txt :17
2018-05-20 17:28:31 INFO  FreelingPreprocess:32 - Procesando fragmento 1 de: suspicious-document00193.txt
2018-05-20 17:28:32 INFO  BabelnetPreprocess:212 - Número de nodos inicial: 509
2018-05-20 17:29:11 INFO  BabelnetPreprocess:71 - Número de nodos final: 925
2018-05-20 17:29:11 INFO  FreelingPreprocess:32 - Procesando fragmento 2 de: suspicious-document00193.txt
2018-05-20 17:29:12 INFO  BabelnetPreprocess:212 - Número de nodos inicial: 528
2018-05-20 17:29:50 INFO  BabelnetPreprocess:71 - Número de nodos final: 979
2018-05-20 17:29:50 INFO  FreelingPreprocess:32 - Procesando fragmento 3 de: suspicious-document00193.txt
2018-05-20 17:29:51 INFO  BabelnetPreprocess:212 - Número de nodos inicial: 522
2018-05-20 17:30:32 INFO  BabelnetPreprocess:71 - Número de nodos final: 666
2018-05-20 17:30:32 INFO  FreelingPreprocess:32 - Procesando fragmento 4 de: suspicious-document00193.txt
2018-05-20 17:30:33 INFO  BabelnetPreprocess:212 - Número de nodos inicial: 508
2018-05-20 17:31:16 INFO  BabelnetPreprocess:71 - Número de nodos final: 627
2018-05-20 17:31:16 INFO  FreelingPreprocess:32 - Procesando fragmento 5 de: suspicious-document00193.txt
2018-05-20 17:31:17 INFO  BabelnetPreprocess:212 - Número de nodos inicial: 488
2018-05-20 17:31:57 INFO  BabelnetPreprocess:71 - Número de nodos final: 610
2018-05-20 17:31:57 INFO  FreelingPreprocess:32 - Procesando fragmento 6 de: suspicious-document00193.txt
2018-05-20 17:31:57 INFO  BabelnetPreprocess:212 - Número de nodos inicial: 294
2018-05-20 17:32:18 INFO  BabelnetPreprocess:71 - Número de nodos final: 395
2018-05-20 17:32:18 INFO  FreelingPreprocess:32 - Procesando fragmento 7 de: suspicious-document00193.txt
2018-05-20 17:32:18 INFO  BabelnetPreprocess:212 - Número de nodos inicial: 244
2018-05-20 17:32:36 INFO  BabelnetPreprocess:71 - Número de nodos final: 319
2018-05-20 17:32:36 INFO  FreelingPreprocess:32 - Procesando fragmento 8 de: suspicious-document00193.txt
2018-05-20 17:32:37 INFO  BabelnetPreprocess:212 - Número de nodos inicial: 345
2018-05-20 17:33:07 INFO  BabelnetPreprocess:71 - Número de nodos final: 583
2018-05-20 17:33:07 INFO  FreelingPreprocess:32 - Procesando fragmento 9 de: suspicious-document00193.txt
2018-05-20 17:33:09 INFO  BabelnetPreprocess:212 - Número de nodos inicial: 678
2018-05-20 17:34:02 INFO  BabelnetPreprocess:71 - Número de nodos final: 1234
2018-05-20 17:34:02 INFO  FreelingPreprocess:32 - Procesando fragmento 10 de: suspicious-document00193.txt
2018-05-20 17:34:03 INFO  BabelnetPreprocess:212 - Número de nodos inicial: 704
2018-05-20 17:35:00 INFO  BabelnetPreprocess:71 - Número de nodos final: 1259
2018-05-20 17:35:00 INFO  FreelingPreprocess:32 - Procesando fragmento 11 de: suspicious-document00193.txt
2018-05-20 17:35:02 INFO  BabelnetPreprocess:212 - Número de nodos inicial: 633
2018-05-20 17:35:52 INFO  BabelnetPreprocess:71 - Número de nodos final: 1139
2018-05-20 17:35:52 INFO  FreelingPreprocess:32 - Procesando fragmento 12 de: suspicious-document00193.txt
2018-05-20 17:35:53 INFO  BabelnetPreprocess:212 - Número de nodos inicial: 306
2018-05-20 17:36:17 INFO  BabelnetPreprocess:71 - Número de nodos final: 461
2018-05-20 17:36:17 INFO  FreelingPreprocess:32 - Procesando fragmento 13 de: suspicious-document00193.txt
2018-05-20 17:36:18 INFO  BabelnetPreprocess:212 - Número de nodos inicial: 274
2018-05-20 17:36:42 INFO  BabelnetPreprocess:71 - Número de nodos final: 400
2018-05-20 17:36:42 INFO  FreelingPreprocess:32 - Procesando fragmento 14 de: suspicious-document00193.txt
2018-05-20 17:36:42 INFO  BabelnetPreprocess:212 - Número de nodos inicial: 295
2018-05-20 17:37:06 INFO  BabelnetPreprocess:71 - Número de nodos final: 370
2018-05-20 17:37:06 INFO  FreelingPreprocess:32 - Procesando fragmento 15 de: suspicious-document00193.txt
2018-05-20 17:37:07 INFO  BabelnetPreprocess:212 - Número de nodos inicial: 493
2018-05-20 17:37:53 INFO  BabelnetPreprocess:71 - Número de nodos final: 788
2018-05-20 17:37:53 INFO  FreelingPreprocess:32 - Procesando fragmento 16 de: suspicious-document00193.txt
2018-05-20 17:37:54 INFO  BabelnetPreprocess:212 - Número de nodos inicial: 405
2018-05-20 17:38:31 INFO  BabelnetPreprocess:71 - Número de nodos final: 626
2018-05-20 17:38:31 INFO  FreelingPreprocess:32 - Procesando fragmento 17 de: suspicious-document00193.txt
2018-05-20 17:38:32 INFO  BabelnetPreprocess:212 - Número de nodos inicial: 292
2018-05-20 17:39:00 INFO  BabelnetPreprocess:71 - Número de nodos final: 349
2018-05-20 17:39:00 INFO  CorpusSerialization:61 - Execution time Document suspicious-document00193.txt is 653,81300 seconds
2018-05-20 17:39:13 INFO  FreelingPreprocess:30 - Fragmentos totales de suspicious-document00035.txt :34
2018-05-20 17:39:13 INFO  FreelingPreprocess:32 - Procesando fragmento 1 de: suspicious-document00035.txt
2018-05-20 17:39:14 INFO  BabelnetPreprocess:212 - Número de nodos inicial: 256
2018-05-20 17:39:33 INFO  BabelnetPreprocess:71 - Número de nodos final: 331
2018-05-20 17:39:33 INFO  FreelingPreprocess:32 - Procesando fragmento 2 de: suspicious-document00035.txt
2018-05-20 17:39:34 INFO  BabelnetPreprocess:212 - Número de nodos inicial: 264
2018-05-20 17:39:58 INFO  BabelnetPreprocess:71 - Número de nodos final: 296
2018-05-20 17:39:58 INFO  FreelingPreprocess:32 - Procesando fragmento 3 de: suspicious-document00035.txt
2018-05-20 17:39:59 INFO  BabelnetPreprocess:212 - Número de nodos inicial: 283
2018-05-20 17:40:26 INFO  BabelnetPreprocess:71 - Número de nodos final: 316
2018-05-20 17:40:26 INFO  FreelingPreprocess:32 - Procesando fragmento 4 de: suspicious-document00035.txt
2018-05-20 17:40:26 INFO  BabelnetPreprocess:212 - Número de nodos inicial: 315
2018-05-20 17:40:56 INFO  BabelnetPreprocess:71 - Número de nodos final: 390
2018-05-20 17:40:56 INFO  FreelingPreprocess:32 - Procesando fragmento 5 de: suspicious-document00035.txt
2018-05-20 17:40:56 INFO  BabelnetPreprocess:212 - Número de nodos inicial: 254
2018-05-20 17:41:19 INFO  BabelnetPreprocess:71 - Número de nodos final: 305
2018-05-20 17:41:19 INFO  FreelingPreprocess:32 - Procesando fragmento 6 de: suspicious-document00035.txt
2018-05-20 17:41:19 INFO  BabelnetPreprocess:212 - Número de nodos inicial: 259
2018-05-20 17:41:42 INFO  BabelnetPreprocess:71 - Número de nodos final: 334
2018-05-20 17:41:42 INFO  FreelingPreprocess:32 - Procesando fragmento 7 de: suspicious-document00035.txt
2018-05-20 17:41:42 INFO  BabelnetPreprocess:212 - Número de nodos inicial: 254
2018-05-20 17:42:00 INFO  BabelnetPreprocess:71 - Número de nodos final: 337
2018-05-20 17:42:00 INFO  FreelingPreprocess:32 - Procesando fragmento 8 de: suspicious-document00035.txt
2018-05-20 17:42:00 INFO  BabelnetPreprocess:212 - Número de nodos inicial: 215
2018-05-20 17:42:15 INFO  BabelnetPreprocess:71 - Número de nodos final: 271
2018-05-20 17:42:15 INFO  FreelingPreprocess:32 - Procesando fragmento 9 de: suspicious-document00035.txt
2018-05-20 17:42:15 INFO  BabelnetPreprocess:212 - Número de nodos inicial: 151
2018-05-20 17:42:30 INFO  BabelnetPreprocess:71 - Número de nodos final: 165
2018-05-20 17:42:30 INFO  FreelingPreprocess:32 - Procesando fragmento 10 de: suspicious-document00035.txt
2018-05-20 17:42:31 INFO  BabelnetPreprocess:212 - Número de nodos inicial: 272
2018-05-20 17:42:58 INFO  BabelnetPreprocess:71 - Número de nodos final: 315
2018-05-20 17:42:58 INFO  FreelingPreprocess:32 - Procesando fragmento 11 de: suspicious-document00035.txt
2018-05-20 17:42:59 INFO  BabelnetPreprocess:212 - Número de nodos inicial: 347
2018-05-20 17:43:31 INFO  BabelnetPreprocess:71 - Número de nodos final: 425
2018-05-20 17:43:31 INFO  FreelingPreprocess:32 - Procesando fragmento 12 de: suspicious-document00035.txt
2018-05-20 17:43:32 INFO  BabelnetPreprocess:212 - Número de nodos inicial: 305
2018-05-20 17:44:00 INFO  BabelnetPreprocess:71 - Número de nodos final: 407
2018-05-20 17:44:00 INFO  FreelingPreprocess:32 - Procesando fragmento 13 de: suspicious-document00035.txt
2018-05-20 17:44:01 INFO  BabelnetPreprocess:212 - Número de nodos inicial: 373
2018-05-20 17:44:27 INFO  BabelnetPreprocess:71 - Número de nodos final: 590
2018-05-20 17:44:27 INFO  FreelingPreprocess:32 - Procesando fragmento 14 de: suspicious-document00035.txt
2018-05-20 17:44:29 INFO  BabelnetPreprocess:212 - Número de nodos inicial: 392
2018-05-20 17:44:56 INFO  BabelnetPreprocess:71 - Número de nodos final: 642
2018-05-20 17:44:56 INFO  FreelingPreprocess:32 - Procesando fragmento 15 de: suspicious-document00035.txt
2018-05-20 17:44:57 INFO  BabelnetPreprocess:212 - Número de nodos inicial: 494
2018-05-20 17:45:32 INFO  BabelnetPreprocess:71 - Número de nodos final: 801
2018-05-20 17:45:32 INFO  FreelingPreprocess:32 - Procesando fragmento 16 de: suspicious-document00035.txt
2018-05-20 17:45:33 INFO  BabelnetPreprocess:212 - Número de nodos inicial: 340
2018-05-20 17:45:59 INFO  BabelnetPreprocess:71 - Número de nodos final: 504
2018-05-20 17:45:59 INFO  FreelingPreprocess:32 - Procesando fragmento 17 de: suspicious-document00035.txt
2018-05-20 17:45:59 INFO  BabelnetPreprocess:212 - Número de nodos inicial: 235
2018-05-20 17:46:18 INFO  BabelnetPreprocess:71 - Número de nodos final: 302
2018-05-20 17:46:18 INFO  FreelingPreprocess:32 - Procesando fragmento 18 de: suspicious-document00035.txt
2018-05-20 17:46:19 INFO  BabelnetPreprocess:212 - Número de nodos inicial: 170
2018-05-20 17:46:29 INFO  BabelnetPreprocess:71 - Número de nodos final: 226
2018-05-20 17:46:29 INFO  FreelingPreprocess:32 - Procesando fragmento 19 de: suspicious-document00035.txt
2018-05-20 17:46:29 INFO  BabelnetPreprocess:212 - Número de nodos inicial: 233
2018-05-20 17:46:46 INFO  BabelnetPreprocess:71 - Número de nodos final: 313
2018-05-20 17:46:46 INFO  FreelingPreprocess:32 - Procesando fragmento 20 de: suspicious-document00035.txt
2018-05-20 17:46:46 INFO  BabelnetPreprocess:212 - Número de nodos inicial: 261
2018-05-20 17:47:05 INFO  BabelnetPreprocess:71 - Número de nodos final: 353
2018-05-20 17:47:05 INFO  FreelingPreprocess:32 - Procesando fragmento 21 de: suspicious-document00035.txt
2018-05-20 17:47:06 INFO  BabelnetPreprocess:212 - Número de nodos inicial: 208
2018-05-20 17:47:23 INFO  BabelnetPreprocess:71 - Número de nodos final: 244
2018-05-20 17:47:23 INFO  FreelingPreprocess:32 - Procesando fragmento 22 de: suspicious-document00035.txt
2018-05-20 17:47:23 INFO  BabelnetPreprocess:212 - Número de nodos inicial: 201
2018-05-20 17:47:39 INFO  BabelnetPreprocess:71 - Número de nodos final: 237
2018-05-20 17:47:39 INFO  FreelingPreprocess:32 - Procesando fragmento 23 de: suspicious-document00035.txt
2018-05-20 17:47:40 INFO  BabelnetPreprocess:212 - Número de nodos inicial: 292
2018-05-20 17:48:04 INFO  BabelnetPreprocess:71 - Número de nodos final: 367
2018-05-20 17:48:04 INFO  FreelingPreprocess:32 - Procesando fragmento 24 de: suspicious-document00035.txt
2018-05-20 17:48:05 INFO  BabelnetPreprocess:212 - Número de nodos inicial: 278
2018-05-20 17:48:30 INFO  BabelnetPreprocess:71 - Número de nodos final: 317
2018-05-20 17:48:30 INFO  FreelingPreprocess:32 - Procesando fragmento 25 de: suspicious-document00035.txt
2018-05-20 17:48:31 INFO  BabelnetPreprocess:212 - Número de nodos inicial: 183
2018-05-20 17:48:46 INFO  BabelnetPreprocess:71 - Número de nodos final: 199
2018-05-20 17:48:46 INFO  FreelingPreprocess:32 - Procesando fragmento 26 de: suspicious-document00035.txt
2018-05-20 17:48:46 INFO  BabelnetPreprocess:212 - Número de nodos inicial: 144
2018-05-20 17:48:56 INFO  BabelnetPreprocess:71 - Número de nodos final: 158
2018-05-20 17:48:56 INFO  FreelingPreprocess:32 - Procesando fragmento 27 de: suspicious-document00035.txt
2018-05-20 17:48:57 INFO  BabelnetPreprocess:212 - Número de nodos inicial: 119
2018-05-20 17:49:07 INFO  BabelnetPreprocess:71 - Número de nodos final: 154
2018-05-20 17:49:07 INFO  FreelingPreprocess:32 - Procesando fragmento 28 de: suspicious-document00035.txt
2018-05-20 17:49:07 INFO  BabelnetPreprocess:212 - Número de nodos inicial: 92
2018-05-20 17:49:16 INFO  BabelnetPreprocess:71 - Número de nodos final: 110
2018-05-20 17:49:16 INFO  FreelingPreprocess:32 - Procesando fragmento 29 de: suspicious-document00035.txt
2018-05-20 17:49:16 INFO  BabelnetPreprocess:212 - Número de nodos inicial: 170
2018-05-20 17:49:34 INFO  BabelnetPreprocess:71 - Número de nodos final: 215
2018-05-20 17:49:34 INFO  FreelingPreprocess:32 - Procesando fragmento 30 de: suspicious-document00035.txt
2018-05-20 17:49:35 INFO  BabelnetPreprocess:212 - Número de nodos inicial: 323
2018-05-20 17:50:09 INFO  BabelnetPreprocess:71 - Número de nodos final: 426
2018-05-20 17:50:09 INFO  FreelingPreprocess:32 - Procesando fragmento 31 de: suspicious-document00035.txt
2018-05-20 17:50:10 INFO  BabelnetPreprocess:212 - Número de nodos inicial: 322
2018-05-20 17:50:40 INFO  BabelnetPreprocess:71 - Número de nodos final: 442
2018-05-20 17:50:40 INFO  FreelingPreprocess:32 - Procesando fragmento 32 de: suspicious-document00035.txt
2018-05-20 17:50:40 INFO  BabelnetPreprocess:212 - Número de nodos inicial: 205
2018-05-20 17:50:56 INFO  BabelnetPreprocess:71 - Número de nodos final: 279
2018-05-20 17:50:56 INFO  FreelingPreprocess:32 - Procesando fragmento 33 de: suspicious-document00035.txt
2018-05-20 17:50:56 INFO  BabelnetPreprocess:212 - Número de nodos inicial: 177
2018-05-20 17:51:10 INFO  BabelnetPreprocess:71 - Número de nodos final: 235
2018-05-20 17:51:10 INFO  FreelingPreprocess:32 - Procesando fragmento 34 de: suspicious-document00035.txt
2018-05-20 17:51:10 INFO  BabelnetPreprocess:212 - Número de nodos inicial: 78
2018-05-20 17:51:18 INFO  BabelnetPreprocess:71 - Número de nodos final: 96
2018-05-20 17:51:18 INFO  CorpusSerialization:61 - Execution time Document suspicious-document00035.txt is 737,58200 seconds
2018-05-20 17:51:42 INFO  FreelingPreprocess:30 - Fragmentos totales de suspicious-document00022.txt :11
2018-05-20 17:51:42 INFO  FreelingPreprocess:32 - Procesando fragmento 1 de: suspicious-document00022.txt
2018-05-20 17:51:43 INFO  BabelnetPreprocess:212 - Número de nodos inicial: 493
2018-05-20 17:52:32 INFO  BabelnetPreprocess:71 - Número de nodos final: 786
2018-05-20 17:52:32 INFO  FreelingPreprocess:32 - Procesando fragmento 2 de: suspicious-document00022.txt
2018-05-20 17:52:34 INFO  BabelnetPreprocess:212 - Número de nodos inicial: 637
2018-05-20 17:53:31 INFO  BabelnetPreprocess:71 - Número de nodos final: 1123
2018-05-20 17:53:31 INFO  FreelingPreprocess:32 - Procesando fragmento 3 de: suspicious-document00022.txt
2018-05-20 17:53:34 INFO  BabelnetPreprocess:212 - Número de nodos inicial: 1109
2018-05-20 17:55:27 INFO  BabelnetPreprocess:71 - Número de nodos final: 1938
2018-05-20 17:55:27 INFO  FreelingPreprocess:32 - Procesando fragmento 4 de: suspicious-document00022.txt
2018-05-20 17:55:29 INFO  BabelnetPreprocess:212 - Número de nodos inicial: 1241
2018-05-20 17:57:35 INFO  BabelnetPreprocess:71 - Número de nodos final: 2668
2018-05-20 17:57:35 INFO  FreelingPreprocess:32 - Procesando fragmento 5 de: suspicious-document00022.txt
2018-05-20 17:57:37 INFO  BabelnetPreprocess:212 - Número de nodos inicial: 1163
2018-05-20 17:59:41 INFO  BabelnetPreprocess:71 - Número de nodos final: 2427
2018-05-20 17:59:41 INFO  FreelingPreprocess:32 - Procesando fragmento 6 de: suspicious-document00022.txt
2018-05-20 17:59:43 INFO  BabelnetPreprocess:212 - Número de nodos inicial: 1019
2018-05-20 18:01:26 INFO  BabelnetPreprocess:71 - Número de nodos final: 1988
2018-05-20 18:01:26 INFO  FreelingPreprocess:32 - Procesando fragmento 7 de: suspicious-document00022.txt
2018-05-20 18:01:27 INFO  BabelnetPreprocess:212 - Número de nodos inicial: 707
2018-05-20 18:02:35 INFO  BabelnetPreprocess:71 - Número de nodos final: 1222
2018-05-20 18:02:35 INFO  FreelingPreprocess:32 - Procesando fragmento 8 de: suspicious-document00022.txt
2018-05-20 18:02:36 INFO  BabelnetPreprocess:212 - Número de nodos inicial: 571
2018-05-20 18:03:34 INFO  BabelnetPreprocess:71 - Número de nodos final: 965
2018-05-20 18:03:34 INFO  FreelingPreprocess:32 - Procesando fragmento 9 de: suspicious-document00022.txt
2018-05-20 18:03:36 INFO  BabelnetPreprocess:212 - Número de nodos inicial: 640
2018-05-20 18:04:38 INFO  BabelnetPreprocess:71 - Número de nodos final: 991
2018-05-20 18:04:38 INFO  FreelingPreprocess:32 - Procesando fragmento 10 de: suspicious-document00022.txt
2018-05-20 18:04:39 INFO  BabelnetPreprocess:212 - Número de nodos inicial: 284
2018-05-20 18:05:01 INFO  BabelnetPreprocess:71 - Número de nodos final: 418
2018-05-20 18:05:01 INFO  FreelingPreprocess:32 - Procesando fragmento 11 de: suspicious-document00022.txt
2018-05-20 18:05:01 INFO  BabelnetPreprocess:212 - Número de nodos inicial: 42
2018-05-20 18:05:04 INFO  BabelnetPreprocess:71 - Número de nodos final: 47
2018-05-20 18:05:04 INFO  CorpusSerialization:61 - Execution time Document suspicious-document00022.txt is 826,00200 seconds
2018-05-20 18:05:31 INFO  FreelingPreprocess:30 - Fragmentos totales de suspicious-document00364.txt :11
2018-05-20 18:05:31 INFO  FreelingPreprocess:32 - Procesando fragmento 1 de: suspicious-document00364.txt
2018-05-20 18:05:33 INFO  BabelnetPreprocess:212 - Número de nodos inicial: 844
2018-05-20 18:06:53 INFO  BabelnetPreprocess:71 - Número de nodos final: 1481
2018-05-20 18:06:53 INFO  FreelingPreprocess:32 - Procesando fragmento 2 de: suspicious-document00364.txt
2018-05-20 18:06:55 INFO  BabelnetPreprocess:212 - Número de nodos inicial: 497
2018-05-20 18:07:32 INFO  BabelnetPreprocess:71 - Número de nodos final: 901
2018-05-20 18:07:32 INFO  FreelingPreprocess:32 - Procesando fragmento 3 de: suspicious-document00364.txt
2018-05-20 18:07:33 INFO  BabelnetPreprocess:212 - Número de nodos inicial: 473
2018-05-20 18:08:08 INFO  BabelnetPreprocess:71 - Número de nodos final: 832
2018-05-20 18:08:08 INFO  FreelingPreprocess:32 - Procesando fragmento 4 de: suspicious-document00364.txt
2018-05-20 18:08:09 INFO  BabelnetPreprocess:212 - Número de nodos inicial: 495
2018-05-20 18:08:40 INFO  BabelnetPreprocess:71 - Número de nodos final: 968
2018-05-20 18:08:40 INFO  FreelingPreprocess:32 - Procesando fragmento 5 de: suspicious-document00364.txt
2018-05-20 18:08:42 INFO  BabelnetPreprocess:212 - Número de nodos inicial: 570
2018-05-20 18:09:24 INFO  BabelnetPreprocess:71 - Número de nodos final: 1085
2018-05-20 18:09:24 INFO  FreelingPreprocess:32 - Procesando fragmento 6 de: suspicious-document00364.txt
2018-05-20 18:09:26 INFO  BabelnetPreprocess:212 - Número de nodos inicial: 747
2018-05-20 18:10:27 INFO  BabelnetPreprocess:71 - Número de nodos final: 1471
2018-05-20 18:10:27 INFO  FreelingPreprocess:32 - Procesando fragmento 7 de: suspicious-document00364.txt
2018-05-20 18:10:29 INFO  BabelnetPreprocess:212 - Número de nodos inicial: 635
2018-05-20 18:11:25 INFO  BabelnetPreprocess:71 - Número de nodos final: 1070
2018-05-20 18:11:25 INFO  FreelingPreprocess:32 - Procesando fragmento 8 de: suspicious-document00364.txt
2018-05-20 18:11:26 INFO  BabelnetPreprocess:212 - Número de nodos inicial: 473
2018-05-20 18:12:05 INFO  BabelnetPreprocess:71 - Número de nodos final: 690
2018-05-20 18:12:05 INFO  FreelingPreprocess:32 - Procesando fragmento 9 de: suspicious-document00364.txt
2018-05-20 18:12:06 INFO  BabelnetPreprocess:212 - Número de nodos inicial: 419
2018-05-20 18:12:39 INFO  BabelnetPreprocess:71 - Número de nodos final: 610
2018-05-20 18:12:39 INFO  FreelingPreprocess:32 - Procesando fragmento 10 de: suspicious-document00364.txt
2018-05-20 18:12:40 INFO  BabelnetPreprocess:212 - Número de nodos inicial: 457
2018-05-20 18:13:21 INFO  BabelnetPreprocess:71 - Número de nodos final: 655
2018-05-20 18:13:21 INFO  FreelingPreprocess:32 - Procesando fragmento 11 de: suspicious-document00364.txt
2018-05-20 18:13:21 INFO  BabelnetPreprocess:212 - Número de nodos inicial: 257
2018-05-20 18:13:46 INFO  BabelnetPreprocess:71 - Número de nodos final: 351
2018-05-20 18:13:46 INFO  CorpusSerialization:61 - Execution time Document suspicious-document00364.txt is 520,75000 seconds
2018-05-20 18:14:12 INFO  FreelingPreprocess:30 - Fragmentos totales de suspicious-document00411.txt :18
2018-05-20 18:14:12 INFO  FreelingPreprocess:32 - Procesando fragmento 1 de: suspicious-document00411.txt
2018-05-20 18:14:13 INFO  BabelnetPreprocess:212 - Número de nodos inicial: 290
2018-05-20 18:14:41 INFO  BabelnetPreprocess:71 - Número de nodos final: 392
2018-05-20 18:14:41 INFO  FreelingPreprocess:32 - Procesando fragmento 2 de: suspicious-document00411.txt
2018-05-20 18:14:42 INFO  BabelnetPreprocess:212 - Número de nodos inicial: 251
2018-05-20 18:15:06 INFO  BabelnetPreprocess:71 - Número de nodos final: 308
2018-05-20 18:15:06 INFO  FreelingPreprocess:32 - Procesando fragmento 3 de: suspicious-document00411.txt
2018-05-20 18:15:06 INFO  BabelnetPreprocess:212 - Número de nodos inicial: 309
2018-05-20 18:15:33 INFO  BabelnetPreprocess:71 - Número de nodos final: 409
2018-05-20 18:15:33 INFO  FreelingPreprocess:32 - Procesando fragmento 4 de: suspicious-document00411.txt
2018-05-20 18:15:34 INFO  BabelnetPreprocess:212 - Número de nodos inicial: 330
2018-05-20 18:16:01 INFO  BabelnetPreprocess:71 - Número de nodos final: 447
2018-05-20 18:16:01 INFO  FreelingPreprocess:32 - Procesando fragmento 5 de: suspicious-document00411.txt
2018-05-20 18:16:01 INFO  BabelnetPreprocess:212 - Número de nodos inicial: 267
2018-05-20 18:16:24 INFO  BabelnetPreprocess:71 - Número de nodos final: 392
2018-05-20 18:16:24 INFO  FreelingPreprocess:32 - Procesando fragmento 6 de: suspicious-document00411.txt
2018-05-20 18:16:25 INFO  BabelnetPreprocess:212 - Número de nodos inicial: 310
2018-05-20 18:16:55 INFO  BabelnetPreprocess:71 - Número de nodos final: 417
2018-05-20 18:16:55 INFO  FreelingPreprocess:32 - Procesando fragmento 7 de: suspicious-document00411.txt
2018-05-20 18:16:56 INFO  BabelnetPreprocess:212 - Número de nodos inicial: 652
2018-05-20 18:17:59 INFO  BabelnetPreprocess:71 - Número de nodos final: 1125
2018-05-20 18:17:59 INFO  FreelingPreprocess:32 - Procesando fragmento 8 de: suspicious-document00411.txt
2018-05-20 18:18:00 INFO  BabelnetPreprocess:212 - Número de nodos inicial: 665
2018-05-20 18:19:04 INFO  BabelnetPreprocess:71 - Número de nodos final: 1167
2018-05-20 18:19:04 INFO  FreelingPreprocess:32 - Procesando fragmento 9 de: suspicious-document00411.txt
2018-05-20 18:19:04 INFO  BabelnetPreprocess:212 - Número de nodos inicial: 308
2018-05-20 18:19:32 INFO  BabelnetPreprocess:71 - Número de nodos final: 471
2018-05-20 18:19:32 INFO  FreelingPreprocess:32 - Procesando fragmento 10 de: suspicious-document00411.txt
2018-05-20 18:19:32 INFO  BabelnetPreprocess:212 - Número de nodos inicial: 291
2018-05-20 18:20:05 INFO  BabelnetPreprocess:71 - Número de nodos final: 457
2018-05-20 18:20:05 INFO  FreelingPreprocess:32 - Procesando fragmento 11 de: suspicious-document00411.txt
2018-05-20 18:20:06 INFO  BabelnetPreprocess:212 - Número de nodos inicial: 592
2018-05-20 18:21:12 INFO  BabelnetPreprocess:71 - Número de nodos final: 1072
2018-05-20 18:21:12 INFO  FreelingPreprocess:32 - Procesando fragmento 12 de: suspicious-document00411.txt
2018-05-20 18:21:14 INFO  BabelnetPreprocess:212 - Número de nodos inicial: 837
2018-05-20 18:22:43 INFO  BabelnetPreprocess:71 - Número de nodos final: 1454
2018-05-20 18:22:43 INFO  FreelingPreprocess:32 - Procesando fragmento 13 de: suspicious-document00411.txt
2018-05-20 18:22:44 INFO  BabelnetPreprocess:212 - Número de nodos inicial: 618
2018-05-20 18:23:48 INFO  BabelnetPreprocess:71 - Número de nodos final: 932
2018-05-20 18:23:48 INFO  FreelingPreprocess:32 - Procesando fragmento 14 de: suspicious-document00411.txt
2018-05-20 18:23:48 INFO  BabelnetPreprocess:212 - Número de nodos inicial: 245
2018-05-20 18:24:08 INFO  BabelnetPreprocess:71 - Número de nodos final: 300
2018-05-20 18:24:08 INFO  FreelingPreprocess:32 - Procesando fragmento 15 de: suspicious-document00411.txt
2018-05-20 18:24:09 INFO  BabelnetPreprocess:212 - Número de nodos inicial: 502
2018-05-20 18:24:57 INFO  BabelnetPreprocess:71 - Número de nodos final: 726
2018-05-20 18:24:57 INFO  FreelingPreprocess:32 - Procesando fragmento 16 de: suspicious-document00411.txt
2018-05-20 18:24:58 INFO  BabelnetPreprocess:212 - Número de nodos inicial: 701
2018-05-20 18:26:08 INFO  BabelnetPreprocess:71 - Número de nodos final: 1266
2018-05-20 18:26:08 INFO  FreelingPreprocess:32 - Procesando fragmento 17 de: suspicious-document00411.txt
2018-05-20 18:26:08 INFO  BabelnetPreprocess:212 - Número de nodos inicial: 541
2018-05-20 18:27:04 INFO  BabelnetPreprocess:71 - Número de nodos final: 952
2018-05-20 18:27:04 INFO  FreelingPreprocess:32 - Procesando fragmento 18 de: suspicious-document00411.txt
2018-05-20 18:27:04 INFO  BabelnetPreprocess:212 - Número de nodos inicial: 151
2018-05-20 18:27:18 INFO  BabelnetPreprocess:71 - Número de nodos final: 196
2018-05-20 18:27:18 INFO  CorpusSerialization:61 - Execution time Document suspicious-document00411.txt is 811,94900 seconds
2018-05-20 18:27:42 INFO  FreelingPreprocess:30 - Fragmentos totales de suspicious-document00149.txt :14
2018-05-20 18:27:42 INFO  FreelingPreprocess:32 - Procesando fragmento 1 de: suspicious-document00149.txt
2018-05-20 18:27:43 INFO  BabelnetPreprocess:212 - Número de nodos inicial: 486
2018-05-20 18:28:26 INFO  BabelnetPreprocess:71 - Número de nodos final: 699
2018-05-20 18:28:26 INFO  FreelingPreprocess:32 - Procesando fragmento 2 de: suspicious-document00149.txt
2018-05-20 18:28:28 INFO  BabelnetPreprocess:212 - Número de nodos inicial: 604
2018-05-20 18:29:20 INFO  BabelnetPreprocess:71 - Número de nodos final: 884
2018-05-20 18:29:20 INFO  FreelingPreprocess:32 - Procesando fragmento 3 de: suspicious-document00149.txt
2018-05-20 18:29:21 INFO  BabelnetPreprocess:212 - Número de nodos inicial: 720
2018-05-20 18:30:27 INFO  BabelnetPreprocess:71 - Número de nodos final: 1094
2018-05-20 18:30:27 INFO  FreelingPreprocess:32 - Procesando fragmento 4 de: suspicious-document00149.txt
2018-05-20 18:30:28 INFO  BabelnetPreprocess:212 - Número de nodos inicial: 784
2018-05-20 18:31:35 INFO  BabelnetPreprocess:71 - Número de nodos final: 1327
2018-05-20 18:31:35 INFO  FreelingPreprocess:32 - Procesando fragmento 5 de: suspicious-document00149.txt
2018-05-20 18:31:36 INFO  BabelnetPreprocess:212 - Número de nodos inicial: 558
2018-05-20 18:32:23 INFO  BabelnetPreprocess:71 - Número de nodos final: 899
2018-05-20 18:32:23 INFO  FreelingPreprocess:32 - Procesando fragmento 6 de: suspicious-document00149.txt
2018-05-20 18:32:25 INFO  BabelnetPreprocess:212 - Número de nodos inicial: 631
2018-05-20 18:33:28 INFO  BabelnetPreprocess:71 - Número de nodos final: 1110
2018-05-20 18:33:28 INFO  FreelingPreprocess:32 - Procesando fragmento 7 de: suspicious-document00149.txt
2018-05-20 18:33:29 INFO  BabelnetPreprocess:212 - Número de nodos inicial: 678
2018-05-20 18:34:38 INFO  BabelnetPreprocess:71 - Número de nodos final: 1275
2018-05-20 18:34:38 INFO  FreelingPreprocess:32 - Procesando fragmento 8 de: suspicious-document00149.txt
2018-05-20 18:34:39 INFO  BabelnetPreprocess:212 - Número de nodos inicial: 426
2018-05-20 18:35:16 INFO  BabelnetPreprocess:71 - Número de nodos final: 610
2018-05-20 18:35:16 INFO  FreelingPreprocess:32 - Procesando fragmento 9 de: suspicious-document00149.txt
2018-05-20 18:35:17 INFO  BabelnetPreprocess:212 - Número de nodos inicial: 500
2018-05-20 18:36:08 INFO  BabelnetPreprocess:71 - Número de nodos final: 599
2018-05-20 18:36:08 INFO  FreelingPreprocess:32 - Procesando fragmento 10 de: suspicious-document00149.txt
2018-05-20 18:36:09 INFO  BabelnetPreprocess:212 - Número de nodos inicial: 550
2018-05-20 18:37:09 INFO  BabelnetPreprocess:71 - Número de nodos final: 690
2018-05-20 18:37:09 INFO  FreelingPreprocess:32 - Procesando fragmento 11 de: suspicious-document00149.txt
2018-05-20 18:37:10 INFO  BabelnetPreprocess:212 - Número de nodos inicial: 513
2018-05-20 18:38:04 INFO  BabelnetPreprocess:71 - Número de nodos final: 960
2018-05-20 18:38:04 INFO  FreelingPreprocess:32 - Procesando fragmento 12 de: suspicious-document00149.txt
2018-05-20 18:38:05 INFO  BabelnetPreprocess:212 - Número de nodos inicial: 485
2018-05-20 18:38:58 INFO  BabelnetPreprocess:71 - Número de nodos final: 869
2018-05-20 18:38:58 INFO  FreelingPreprocess:32 - Procesando fragmento 13 de: suspicious-document00149.txt
2018-05-20 18:38:59 INFO  BabelnetPreprocess:212 - Número de nodos inicial: 344
2018-05-20 18:39:32 INFO  BabelnetPreprocess:71 - Número de nodos final: 463
2018-05-20 18:39:32 INFO  FreelingPreprocess:32 - Procesando fragmento 14 de: suspicious-document00149.txt
2018-05-20 18:39:32 INFO  BabelnetPreprocess:212 - Número de nodos inicial: 277
2018-05-20 18:39:58 INFO  BabelnetPreprocess:71 - Número de nodos final: 365
2018-05-20 18:39:58 INFO  CorpusSerialization:61 - Execution time Document suspicious-document00149.txt is 759,54800 seconds
2018-05-20 18:40:23 INFO  FreelingPreprocess:30 - Fragmentos totales de suspicious-document00015.txt :44
2018-05-20 18:40:23 INFO  FreelingPreprocess:32 - Procesando fragmento 1 de: suspicious-document00015.txt
2018-05-20 18:40:24 INFO  BabelnetPreprocess:212 - Número de nodos inicial: 384
2018-05-20 18:41:01 INFO  BabelnetPreprocess:71 - Número de nodos final: 521
2018-05-20 18:41:01 INFO  FreelingPreprocess:32 - Procesando fragmento 2 de: suspicious-document00015.txt
2018-05-20 18:41:02 INFO  BabelnetPreprocess:212 - Número de nodos inicial: 386
2018-05-20 18:41:39 INFO  BabelnetPreprocess:71 - Número de nodos final: 523
2018-05-20 18:41:39 INFO  FreelingPreprocess:32 - Procesando fragmento 3 de: suspicious-document00015.txt
2018-05-20 18:41:40 INFO  BabelnetPreprocess:212 - Número de nodos inicial: 392
2018-05-20 18:42:17 INFO  BabelnetPreprocess:71 - Número de nodos final: 532
2018-05-20 18:42:17 INFO  FreelingPreprocess:32 - Procesando fragmento 4 de: suspicious-document00015.txt
2018-05-20 18:42:18 INFO  BabelnetPreprocess:212 - Número de nodos inicial: 312
2018-05-20 18:42:46 INFO  BabelnetPreprocess:71 - Número de nodos final: 396
2018-05-20 18:42:46 INFO  FreelingPreprocess:32 - Procesando fragmento 5 de: suspicious-document00015.txt
2018-05-20 18:42:47 INFO  BabelnetPreprocess:212 - Número de nodos inicial: 259
2018-05-20 18:43:10 INFO  BabelnetPreprocess:71 - Número de nodos final: 371
2018-05-20 18:43:10 INFO  FreelingPreprocess:32 - Procesando fragmento 6 de: suspicious-document00015.txt
2018-05-20 18:43:12 INFO  BabelnetPreprocess:212 - Número de nodos inicial: 598
2018-05-20 18:44:12 INFO  BabelnetPreprocess:71 - Número de nodos final: 1012
2018-05-20 18:44:12 INFO  FreelingPreprocess:32 - Procesando fragmento 7 de: suspicious-document00015.txt
2018-05-20 18:44:13 INFO  BabelnetPreprocess:212 - Número de nodos inicial: 610
2018-05-20 18:45:12 INFO  BabelnetPreprocess:71 - Número de nodos final: 1044
2018-05-20 18:45:12 INFO  FreelingPreprocess:32 - Procesando fragmento 8 de: suspicious-document00015.txt
2018-05-20 18:45:13 INFO  BabelnetPreprocess:212 - Número de nodos inicial: 485
2018-05-20 18:46:02 INFO  BabelnetPreprocess:71 - Número de nodos final: 682
2018-05-20 18:46:02 INFO  FreelingPreprocess:32 - Procesando fragmento 9 de: suspicious-document00015.txt
2018-05-20 18:46:02 INFO  BabelnetPreprocess:212 - Número de nodos inicial: 294
2018-05-20 18:46:31 INFO  BabelnetPreprocess:71 - Número de nodos final: 376
2018-05-20 18:46:31 INFO  FreelingPreprocess:32 - Procesando fragmento 10 de: suspicious-document00015.txt
2018-05-20 18:46:31 INFO  BabelnetPreprocess:212 - Número de nodos inicial: 212
2018-05-20 18:46:49 INFO  BabelnetPreprocess:71 - Número de nodos final: 264
2018-05-20 18:46:49 INFO  FreelingPreprocess:32 - Procesando fragmento 11 de: suspicious-document00015.txt
2018-05-20 18:46:50 INFO  BabelnetPreprocess:212 - Número de nodos inicial: 231
2018-05-20 18:47:09 INFO  BabelnetPreprocess:71 - Número de nodos final: 286
2018-05-20 18:47:09 INFO  FreelingPreprocess:32 - Procesando fragmento 12 de: suspicious-document00015.txt
2018-05-20 18:47:09 INFO  BabelnetPreprocess:212 - Número de nodos inicial: 331
2018-05-20 18:47:41 INFO  BabelnetPreprocess:71 - Número de nodos final: 422
2018-05-20 18:47:41 INFO  FreelingPreprocess:32 - Procesando fragmento 13 de: suspicious-document00015.txt
2018-05-20 18:47:42 INFO  BabelnetPreprocess:212 - Número de nodos inicial: 407
2018-05-20 18:48:23 INFO  BabelnetPreprocess:71 - Número de nodos final: 654
2018-05-20 18:48:23 INFO  FreelingPreprocess:32 - Procesando fragmento 14 de: suspicious-document00015.txt
2018-05-20 18:48:25 INFO  BabelnetPreprocess:212 - Número de nodos inicial: 535
2018-05-20 18:49:13 INFO  BabelnetPreprocess:71 - Número de nodos final: 907
2018-05-20 18:49:13 INFO  FreelingPreprocess:32 - Procesando fragmento 15 de: suspicious-document00015.txt
2018-05-20 18:49:14 INFO  BabelnetPreprocess:212 - Número de nodos inicial: 536
2018-05-20 18:50:05 INFO  BabelnetPreprocess:71 - Número de nodos final: 788
2018-05-20 18:50:05 INFO  FreelingPreprocess:32 - Procesando fragmento 16 de: suspicious-document00015.txt
2018-05-20 18:50:06 INFO  BabelnetPreprocess:212 - Número de nodos inicial: 487
2018-05-20 18:50:52 INFO  BabelnetPreprocess:71 - Número de nodos final: 685
2018-05-20 18:50:52 INFO  FreelingPreprocess:32 - Procesando fragmento 17 de: suspicious-document00015.txt
2018-05-20 18:50:52 INFO  BabelnetPreprocess:212 - Número de nodos inicial: 344
2018-05-20 18:51:21 INFO  BabelnetPreprocess:71 - Número de nodos final: 470
2018-05-20 18:51:21 INFO  FreelingPreprocess:32 - Procesando fragmento 18 de: suspicious-document00015.txt
2018-05-20 18:51:21 INFO  BabelnetPreprocess:212 - Número de nodos inicial: 354
2018-05-20 18:51:58 INFO  BabelnetPreprocess:71 - Número de nodos final: 461
2018-05-20 18:51:58 INFO  FreelingPreprocess:32 - Procesando fragmento 19 de: suspicious-document00015.txt
2018-05-20 18:51:58 INFO  BabelnetPreprocess:212 - Número de nodos inicial: 335
2018-05-20 18:52:33 INFO  BabelnetPreprocess:71 - Número de nodos final: 432
2018-05-20 18:52:33 INFO  FreelingPreprocess:32 - Procesando fragmento 20 de: suspicious-document00015.txt
2018-05-20 18:52:33 INFO  BabelnetPreprocess:212 - Número de nodos inicial: 215
2018-05-20 18:52:54 INFO  BabelnetPreprocess:71 - Número de nodos final: 254
2018-05-20 18:52:54 INFO  FreelingPreprocess:32 - Procesando fragmento 21 de: suspicious-document00015.txt
2018-05-20 18:52:54 INFO  BabelnetPreprocess:212 - Número de nodos inicial: 178
2018-05-20 18:53:15 INFO  BabelnetPreprocess:71 - Número de nodos final: 226
2018-05-20 18:53:15 INFO  FreelingPreprocess:32 - Procesando fragmento 22 de: suspicious-document00015.txt
2018-05-20 18:53:15 INFO  BabelnetPreprocess:212 - Número de nodos inicial: 263
2018-05-20 18:53:45 INFO  BabelnetPreprocess:71 - Número de nodos final: 318
2018-05-20 18:53:45 INFO  FreelingPreprocess:32 - Procesando fragmento 23 de: suspicious-document00015.txt
2018-05-20 18:53:46 INFO  BabelnetPreprocess:212 - Número de nodos inicial: 325
2018-05-20 18:54:21 INFO  BabelnetPreprocess:71 - Número de nodos final: 421
2018-05-20 18:54:21 INFO  FreelingPreprocess:32 - Procesando fragmento 24 de: suspicious-document00015.txt
2018-05-20 18:54:22 INFO  BabelnetPreprocess:212 - Número de nodos inicial: 579
2018-05-20 18:55:23 INFO  BabelnetPreprocess:71 - Número de nodos final: 1053
2018-05-20 18:55:23 INFO  FreelingPreprocess:32 - Procesando fragmento 25 de: suspicious-document00015.txt
2018-05-20 18:55:25 INFO  BabelnetPreprocess:212 - Número de nodos inicial: 699
2018-05-20 18:56:39 INFO  BabelnetPreprocess:71 - Número de nodos final: 1298
2018-05-20 18:56:39 INFO  FreelingPreprocess:32 - Procesando fragmento 26 de: suspicious-document00015.txt
2018-05-20 18:56:40 INFO  BabelnetPreprocess:212 - Número de nodos inicial: 605
2018-05-20 18:57:41 INFO  BabelnetPreprocess:71 - Número de nodos final: 1070
2018-05-20 18:57:41 INFO  FreelingPreprocess:32 - Procesando fragmento 27 de: suspicious-document00015.txt
2018-05-20 18:57:41 INFO  BabelnetPreprocess:212 - Número de nodos inicial: 411
2018-05-20 18:58:23 INFO  BabelnetPreprocess:71 - Número de nodos final: 649
2018-05-20 18:58:23 INFO  FreelingPreprocess:32 - Procesando fragmento 28 de: suspicious-document00015.txt
2018-05-20 18:58:24 INFO  BabelnetPreprocess:212 - Número de nodos inicial: 294
2018-05-20 18:58:51 INFO  BabelnetPreprocess:71 - Número de nodos final: 387
2018-05-20 18:58:51 INFO  FreelingPreprocess:32 - Procesando fragmento 29 de: suspicious-document00015.txt
2018-05-20 18:58:51 INFO  BabelnetPreprocess:212 - Número de nodos inicial: 400
2018-05-20 18:59:37 INFO  BabelnetPreprocess:71 - Número de nodos final: 546
2018-05-20 18:59:37 INFO  FreelingPreprocess:32 - Procesando fragmento 30 de: suspicious-document00015.txt
2018-05-20 18:59:38 INFO  BabelnetPreprocess:212 - Número de nodos inicial: 555
2018-05-20 19:00:40 INFO  BabelnetPreprocess:71 - Número de nodos final: 800
2018-05-20 19:00:40 INFO  FreelingPreprocess:32 - Procesando fragmento 31 de: suspicious-document00015.txt
2018-05-20 19:00:41 INFO  BabelnetPreprocess:212 - Número de nodos inicial: 548
2018-05-20 19:01:46 INFO  BabelnetPreprocess:71 - Número de nodos final: 813
2018-05-20 19:01:46 INFO  FreelingPreprocess:32 - Procesando fragmento 32 de: suspicious-document00015.txt
2018-05-20 19:01:46 INFO  BabelnetPreprocess:212 - Número de nodos inicial: 368
2018-05-20 19:02:25 INFO  BabelnetPreprocess:71 - Número de nodos final: 500
2018-05-20 19:02:25 INFO  FreelingPreprocess:32 - Procesando fragmento 33 de: suspicious-document00015.txt
2018-05-20 19:02:26 INFO  BabelnetPreprocess:212 - Número de nodos inicial: 254
2018-05-20 19:02:51 INFO  BabelnetPreprocess:71 - Número de nodos final: 348
2018-05-20 19:02:51 INFO  FreelingPreprocess:32 - Procesando fragmento 34 de: suspicious-document00015.txt
2018-05-20 19:02:52 INFO  BabelnetPreprocess:212 - Número de nodos inicial: 335
2018-05-20 19:03:29 INFO  BabelnetPreprocess:71 - Número de nodos final: 474
2018-05-20 19:03:29 INFO  FreelingPreprocess:32 - Procesando fragmento 35 de: suspicious-document00015.txt
2018-05-20 19:03:30 INFO  BabelnetPreprocess:212 - Número de nodos inicial: 497
2018-05-20 19:04:28 INFO  BabelnetPreprocess:71 - Número de nodos final: 776
2018-05-20 19:04:28 INFO  FreelingPreprocess:32 - Procesando fragmento 36 de: suspicious-document00015.txt
2018-05-20 19:04:29 INFO  BabelnetPreprocess:212 - Número de nodos inicial: 552
2018-05-20 19:05:34 INFO  BabelnetPreprocess:71 - Número de nodos final: 924
2018-05-20 19:05:34 INFO  FreelingPreprocess:32 - Procesando fragmento 37 de: suspicious-document00015.txt
2018-05-20 19:05:35 INFO  BabelnetPreprocess:212 - Número de nodos inicial: 398
2018-05-20 19:06:21 INFO  BabelnetPreprocess:71 - Número de nodos final: 486
2018-05-20 19:06:21 INFO  FreelingPreprocess:32 - Procesando fragmento 38 de: suspicious-document00015.txt
2018-05-20 19:06:22 INFO  BabelnetPreprocess:212 - Número de nodos inicial: 362
2018-05-20 19:07:01 INFO  BabelnetPreprocess:71 - Número de nodos final: 462
2018-05-20 19:07:01 INFO  FreelingPreprocess:32 - Procesando fragmento 39 de: suspicious-document00015.txt
2018-05-20 19:07:02 INFO  BabelnetPreprocess:212 - Número de nodos inicial: 416
2018-05-20 19:07:46 INFO  BabelnetPreprocess:71 - Número de nodos final: 564
2018-05-20 19:07:46 INFO  FreelingPreprocess:32 - Procesando fragmento 40 de: suspicious-document00015.txt
2018-05-20 19:07:47 INFO  BabelnetPreprocess:212 - Número de nodos inicial: 592
2018-05-20 19:08:52 INFO  BabelnetPreprocess:71 - Número de nodos final: 894
2018-05-20 19:08:52 INFO  FreelingPreprocess:32 - Procesando fragmento 41 de: suspicious-document00015.txt
2018-05-20 19:08:55 INFO  BabelnetPreprocess:212 - Número de nodos inicial: 989
2018-05-20 19:12:19 INFO  BabelnetPreprocess:71 - Número de nodos final: 1607
2018-05-20 19:12:19 INFO  FreelingPreprocess:32 - Procesando fragmento 42 de: suspicious-document00015.txt
2018-05-20 19:12:25 INFO  BabelnetPreprocess:212 - Número de nodos inicial: 1075
2018-05-20 19:16:21 INFO  BabelnetPreprocess:71 - Número de nodos final: 1780
2018-05-20 19:16:21 INFO  FreelingPreprocess:32 - Procesando fragmento 43 de: suspicious-document00015.txt
2018-05-20 19:16:24 INFO  BabelnetPreprocess:212 - Número de nodos inicial: 666
2018-05-20 19:19:08 INFO  BabelnetPreprocess:71 - Número de nodos final: 1051
2018-05-20 19:19:08 INFO  FreelingPreprocess:32 - Procesando fragmento 44 de: suspicious-document00015.txt
2018-05-20 19:19:08 INFO  BabelnetPreprocess:212 - Número de nodos inicial: 76
2018-05-20 19:19:27 INFO  BabelnetPreprocess:71 - Número de nodos final: 83
2018-05-20 19:19:27 INFO  CorpusSerialization:61 - Execution time Document suspicious-document00015.txt is 2368,37100 seconds
2018-05-20 19:20:04 INFO  FreelingPreprocess:30 - Fragmentos totales de suspicious-document00229.txt :14
2018-05-20 19:20:04 INFO  FreelingPreprocess:32 - Procesando fragmento 1 de: suspicious-document00229.txt
2018-05-20 19:20:05 INFO  BabelnetPreprocess:212 - Número de nodos inicial: 368
2018-05-20 19:20:45 INFO  BabelnetPreprocess:71 - Número de nodos final: 598
2018-05-20 19:20:45 INFO  FreelingPreprocess:32 - Procesando fragmento 2 de: suspicious-document00229.txt
2018-05-20 19:20:45 INFO  BabelnetPreprocess:212 - Número de nodos inicial: 214
2018-05-20 19:21:05 INFO  BabelnetPreprocess:71 - Número de nodos final: 297
2018-05-20 19:21:05 INFO  FreelingPreprocess:32 - Procesando fragmento 3 de: suspicious-document00229.txt
2018-05-20 19:21:06 INFO  BabelnetPreprocess:212 - Número de nodos inicial: 336
2018-05-20 19:21:39 INFO  BabelnetPreprocess:71 - Número de nodos final: 534
2018-05-20 19:21:39 INFO  FreelingPreprocess:32 - Procesando fragmento 4 de: suspicious-document00229.txt
2018-05-20 19:21:40 INFO  BabelnetPreprocess:212 - Número de nodos inicial: 684
2018-05-20 19:22:58 INFO  BabelnetPreprocess:71 - Número de nodos final: 1299
2018-05-20 19:22:58 INFO  FreelingPreprocess:32 - Procesando fragmento 5 de: suspicious-document00229.txt
2018-05-20 19:23:00 INFO  BabelnetPreprocess:212 - Número de nodos inicial: 924
2018-05-20 19:24:50 INFO  BabelnetPreprocess:71 - Número de nodos final: 1807
2018-05-20 19:24:50 INFO  FreelingPreprocess:32 - Procesando fragmento 6 de: suspicious-document00229.txt
2018-05-20 19:24:53 INFO  BabelnetPreprocess:212 - Número de nodos inicial: 1021
2018-05-20 19:26:46 INFO  BabelnetPreprocess:71 - Número de nodos final: 2042
2018-05-20 19:26:46 INFO  FreelingPreprocess:32 - Procesando fragmento 7 de: suspicious-document00229.txt
2018-05-20 19:26:48 INFO  BabelnetPreprocess:212 - Número de nodos inicial: 974
2018-05-20 19:28:34 INFO  BabelnetPreprocess:71 - Número de nodos final: 1973
2018-05-20 19:28:34 INFO  FreelingPreprocess:32 - Procesando fragmento 8 de: suspicious-document00229.txt
2018-05-20 19:28:36 INFO  BabelnetPreprocess:212 - Número de nodos inicial: 663
2018-05-20 19:29:44 INFO  BabelnetPreprocess:71 - Número de nodos final: 1166
2018-05-20 19:29:44 INFO  FreelingPreprocess:32 - Procesando fragmento 9 de: suspicious-document00229.txt
2018-05-20 19:29:45 INFO  BabelnetPreprocess:212 - Número de nodos inicial: 473
2018-05-20 19:30:38 INFO  BabelnetPreprocess:71 - Número de nodos final: 730
2018-05-20 19:30:38 INFO  FreelingPreprocess:32 - Procesando fragmento 10 de: suspicious-document00229.txt
2018-05-20 19:30:39 INFO  BabelnetPreprocess:212 - Número de nodos inicial: 237
2018-05-20 19:31:03 INFO  BabelnetPreprocess:71 - Número de nodos final: 356
2018-05-20 19:31:03 INFO  FreelingPreprocess:32 - Procesando fragmento 11 de: suspicious-document00229.txt
2018-05-20 19:31:04 INFO  BabelnetPreprocess:212 - Número de nodos inicial: 446
2018-05-20 19:31:50 INFO  BabelnetPreprocess:71 - Número de nodos final: 689
2018-05-20 19:31:50 INFO  FreelingPreprocess:32 - Procesando fragmento 12 de: suspicious-document00229.txt
2018-05-20 19:31:52 INFO  BabelnetPreprocess:212 - Número de nodos inicial: 686
2018-05-20 19:33:08 INFO  BabelnetPreprocess:71 - Número de nodos final: 1217
2018-05-20 19:33:08 INFO  FreelingPreprocess:32 - Procesando fragmento 13 de: suspicious-document00229.txt
2018-05-20 19:33:09 INFO  BabelnetPreprocess:212 - Número de nodos inicial: 505
2018-05-20 19:34:05 INFO  BabelnetPreprocess:71 - Número de nodos final: 759
2018-05-20 19:34:05 INFO  FreelingPreprocess:32 - Procesando fragmento 14 de: suspicious-document00229.txt
2018-05-20 19:34:06 INFO  BabelnetPreprocess:212 - Número de nodos inicial: 290
2018-05-20 19:34:37 INFO  BabelnetPreprocess:71 - Número de nodos final: 393
2018-05-20 19:34:37 INFO  CorpusSerialization:61 - Execution time Document suspicious-document00229.txt is 895,58200 seconds
2018-05-20 19:34:57 INFO  FreelingPreprocess:30 - Fragmentos totales de suspicious-document00301.txt :11
2018-05-20 19:34:57 INFO  FreelingPreprocess:32 - Procesando fragmento 1 de: suspicious-document00301.txt
2018-05-20 19:34:59 INFO  BabelnetPreprocess:212 - Número de nodos inicial: 1158
2018-05-20 19:37:14 INFO  BabelnetPreprocess:71 - Número de nodos final: 2388
2018-05-20 19:37:14 INFO  FreelingPreprocess:32 - Procesando fragmento 2 de: suspicious-document00301.txt
2018-05-20 19:37:16 INFO  BabelnetPreprocess:212 - Número de nodos inicial: 846
2018-05-20 19:38:45 INFO  BabelnetPreprocess:71 - Número de nodos final: 1583
2018-05-20 19:38:45 INFO  FreelingPreprocess:32 - Procesando fragmento 3 de: suspicious-document00301.txt
2018-05-20 19:38:46 INFO  BabelnetPreprocess:212 - Número de nodos inicial: 648
2018-05-20 19:39:51 INFO  BabelnetPreprocess:71 - Número de nodos final: 1004
2018-05-20 19:39:51 INFO  FreelingPreprocess:32 - Procesando fragmento 4 de: suspicious-document00301.txt
2018-05-20 19:39:52 INFO  BabelnetPreprocess:212 - Número de nodos inicial: 603
2018-05-20 19:40:48 INFO  BabelnetPreprocess:71 - Número de nodos final: 944
2018-05-20 19:40:48 INFO  FreelingPreprocess:32 - Procesando fragmento 5 de: suspicious-document00301.txt
2018-05-20 19:40:49 INFO  BabelnetPreprocess:212 - Número de nodos inicial: 310
2018-05-20 19:41:18 INFO  BabelnetPreprocess:71 - Número de nodos final: 461
2018-05-20 19:41:18 INFO  FreelingPreprocess:32 - Procesando fragmento 6 de: suspicious-document00301.txt
2018-05-20 19:41:18 INFO  BabelnetPreprocess:212 - Número de nodos inicial: 394
2018-05-20 19:41:55 INFO  BabelnetPreprocess:71 - Número de nodos final: 600
2018-05-20 19:41:55 INFO  FreelingPreprocess:32 - Procesando fragmento 7 de: suspicious-document00301.txt
2018-05-20 19:41:58 INFO  BabelnetPreprocess:212 - Número de nodos inicial: 558
2018-05-20 19:42:54 INFO  BabelnetPreprocess:71 - Número de nodos final: 881
2018-05-20 19:42:54 INFO  FreelingPreprocess:32 - Procesando fragmento 8 de: suspicious-document00301.txt
2018-05-20 19:42:56 INFO  BabelnetPreprocess:212 - Número de nodos inicial: 904
2018-05-20 19:44:27 INFO  BabelnetPreprocess:71 - Número de nodos final: 1874
2018-05-20 19:44:27 INFO  FreelingPreprocess:32 - Procesando fragmento 9 de: suspicious-document00301.txt
2018-05-20 19:44:30 INFO  BabelnetPreprocess:212 - Número de nodos inicial: 1233
2018-05-20 19:46:46 INFO  BabelnetPreprocess:71 - Número de nodos final: 2605
2018-05-20 19:46:46 INFO  FreelingPreprocess:32 - Procesando fragmento 10 de: suspicious-document00301.txt
2018-05-20 19:46:47 INFO  BabelnetPreprocess:212 - Número de nodos inicial: 753
2018-05-20 19:48:20 INFO  BabelnetPreprocess:71 - Número de nodos final: 1162
2018-05-20 19:48:20 INFO  FreelingPreprocess:32 - Procesando fragmento 11 de: suspicious-document00301.txt
2018-05-20 19:48:21 INFO  BabelnetPreprocess:212 - Número de nodos inicial: 251
2018-05-20 19:48:48 INFO  BabelnetPreprocess:71 - Número de nodos final: 307
2018-05-20 19:48:48 INFO  CorpusSerialization:61 - Execution time Document suspicious-document00301.txt is 850,81200 seconds
2018-05-20 19:49:17 INFO  FreelingPreprocess:30 - Fragmentos totales de suspicious-document00076.txt :15
2018-05-20 19:49:17 INFO  FreelingPreprocess:32 - Procesando fragmento 1 de: suspicious-document00076.txt
2018-05-20 19:49:18 INFO  BabelnetPreprocess:212 - Número de nodos inicial: 792
2018-05-20 19:50:56 INFO  BabelnetPreprocess:71 - Número de nodos final: 1258
2018-05-20 19:50:56 INFO  FreelingPreprocess:32 - Procesando fragmento 2 de: suspicious-document00076.txt
2018-05-20 19:50:57 INFO  BabelnetPreprocess:212 - Número de nodos inicial: 750
2018-05-20 19:52:28 INFO  BabelnetPreprocess:71 - Número de nodos final: 1256
2018-05-20 19:52:28 INFO  FreelingPreprocess:32 - Procesando fragmento 3 de: suspicious-document00076.txt
2018-05-20 19:52:30 INFO  BabelnetPreprocess:212 - Número de nodos inicial: 848
2018-05-20 19:54:08 INFO  BabelnetPreprocess:71 - Número de nodos final: 1698
2018-05-20 19:54:08 INFO  FreelingPreprocess:32 - Procesando fragmento 4 de: suspicious-document00076.txt
2018-05-20 19:54:10 INFO  BabelnetPreprocess:212 - Número de nodos inicial: 768
2018-05-20 19:55:38 INFO  BabelnetPreprocess:71 - Número de nodos final: 1425
2018-05-20 19:55:38 INFO  FreelingPreprocess:32 - Procesando fragmento 5 de: suspicious-document00076.txt
2018-05-20 19:55:40 INFO  BabelnetPreprocess:212 - Número de nodos inicial: 580
2018-05-20 19:56:47 INFO  BabelnetPreprocess:71 - Número de nodos final: 956
2018-05-20 19:56:47 INFO  FreelingPreprocess:32 - Procesando fragmento 6 de: suspicious-document00076.txt
2018-05-20 19:56:48 INFO  BabelnetPreprocess:212 - Número de nodos inicial: 391
2018-05-20 19:57:26 INFO  BabelnetPreprocess:71 - Número de nodos final: 553
2018-05-20 19:57:26 INFO  FreelingPreprocess:32 - Procesando fragmento 7 de: suspicious-document00076.txt
2018-05-20 19:57:27 INFO  BabelnetPreprocess:212 - Número de nodos inicial: 448
2018-05-20 19:58:10 INFO  BabelnetPreprocess:71 - Número de nodos final: 673
2018-05-20 19:58:10 INFO  FreelingPreprocess:32 - Procesando fragmento 8 de: suspicious-document00076.txt
2018-05-20 19:58:11 INFO  BabelnetPreprocess:212 - Número de nodos inicial: 268
2018-05-20 19:58:34 INFO  BabelnetPreprocess:71 - Número de nodos final: 337
2018-05-20 19:58:34 INFO  FreelingPreprocess:32 - Procesando fragmento 9 de: suspicious-document00076.txt
2018-05-20 19:58:34 INFO  BabelnetPreprocess:212 - Número de nodos inicial: 239
2018-05-20 19:58:58 INFO  BabelnetPreprocess:71 - Número de nodos final: 324
2018-05-20 19:58:58 INFO  FreelingPreprocess:32 - Procesando fragmento 10 de: suspicious-document00076.txt
2018-05-20 19:58:59 INFO  BabelnetPreprocess:212 - Número de nodos inicial: 458
2018-05-20 19:59:51 INFO  BabelnetPreprocess:71 - Número de nodos final: 776
2018-05-20 19:59:51 INFO  FreelingPreprocess:32 - Procesando fragmento 11 de: suspicious-document00076.txt
2018-05-20 19:59:52 INFO  BabelnetPreprocess:212 - Número de nodos inicial: 557
2018-05-20 20:00:57 INFO  BabelnetPreprocess:71 - Número de nodos final: 975
2018-05-20 20:00:57 INFO  FreelingPreprocess:32 - Procesando fragmento 12 de: suspicious-document00076.txt
2018-05-20 20:00:57 INFO  BabelnetPreprocess:212 - Número de nodos inicial: 359
2018-05-20 20:01:39 INFO  BabelnetPreprocess:71 - Número de nodos final: 482
2018-05-20 20:01:39 INFO  FreelingPreprocess:32 - Procesando fragmento 13 de: suspicious-document00076.txt
2018-05-20 20:01:40 INFO  BabelnetPreprocess:212 - Número de nodos inicial: 600
2018-05-20 20:02:53 INFO  BabelnetPreprocess:71 - Número de nodos final: 993
2018-05-20 20:02:53 INFO  FreelingPreprocess:32 - Procesando fragmento 14 de: suspicious-document00076.txt
2018-05-20 20:02:54 INFO  BabelnetPreprocess:212 - Número de nodos inicial: 444
2018-05-20 20:03:48 INFO  BabelnetPreprocess:71 - Número de nodos final: 652
2018-05-20 20:03:48 INFO  FreelingPreprocess:32 - Procesando fragmento 15 de: suspicious-document00076.txt
2018-05-20 20:03:49 INFO  BabelnetPreprocess:212 - Número de nodos inicial: 379
2018-05-20 20:04:36 INFO  BabelnetPreprocess:71 - Número de nodos final: 495
2018-05-20 20:04:36 INFO  CorpusSerialization:61 - Execution time Document suspicious-document00076.txt is 946,70900 seconds
2018-05-20 20:04:36 INFO  CorpusSerialization:86 - Execution Total time is 13883,49600 seconds
2018-05-21 20:05:07 INFO  CorpusSerialization:86 - Execution Total time is 75,39200 seconds
2018-05-21 20:07:59 INFO  CorpusSerialization:86 - Execution Total time is 137,66300 seconds
2018-05-21 20:14:32 INFO  CorpusSerialization:86 - Execution Total time is 0,26800 seconds
2018-05-21 20:16:17 INFO  CorpusSerialization:86 - Execution Total time is 0,27000 seconds
2018-05-21 20:24:15 INFO  FreelingPreprocess:30 - Fragmentos totales de suspicious-document00893.txt :389
2018-05-21 20:24:15 INFO  FreelingPreprocess:32 - Procesando fragmento 1 de: suspicious-document00893.txt
2018-05-21 20:24:15 INFO  BabelNetConfiguration:43 - Loading babelnet.properties FROM /Users/macmenta/Documents/workspace/CrossLanguagePlagiarism/config/babelnet.properties
2018-05-21 20:24:15 INFO  BabelNetIndexManager:186 - Opening dict index: /Users/macmenta/BabelNet-3.7/dict
2018-05-21 20:24:15 INFO  BabelNetIndexManager:191 - Opening gloss index: /Users/macmenta/BabelNet-3.7/gloss
2018-05-21 20:24:15 INFO  BabelNetIndexManager:199 - Opening lexicon index: /Users/macmenta/BabelNet-3.7/lexicon
2018-05-21 20:24:15 INFO  BabelNetIndexManager:206 - Opening lexicon index: /Users/macmenta/BabelNet-3.7/lexicon_CC_BY_SA_30
2018-05-21 20:24:15 INFO  BabelNetIndexManager:218 - Opening dict index: /Users/macmenta/BabelNet-3.7/dict_CC_BY_SA_30
2018-05-21 20:24:16 INFO  BabelNetIndexManager:230 - Opening gloss index: /Users/macmenta/BabelNet-3.7/gloss_CC_BY_SA_30
2018-05-21 20:24:16 INFO  BabelNetIndexManager:206 - Opening lexicon index: /Users/macmenta/BabelNet-3.7/lexicon_CC_BY_30
2018-05-21 20:24:16 INFO  BabelNetIndexManager:218 - Opening dict index: /Users/macmenta/BabelNet-3.7/dict_CC_BY_30
2018-05-21 20:24:16 INFO  BabelNetIndexManager:230 - Opening gloss index: /Users/macmenta/BabelNet-3.7/gloss_CC_BY_30
2018-05-21 20:24:16 INFO  BabelNetIndexManager:206 - Opening lexicon index: /Users/macmenta/BabelNet-3.7/lexicon_CECILL_C
2018-05-21 20:24:16 INFO  BabelNetIndexManager:218 - Opening dict index: /Users/macmenta/BabelNet-3.7/dict_CECILL_C
2018-05-21 20:24:16 INFO  BabelNetIndexManager:230 - Opening gloss index: /Users/macmenta/BabelNet-3.7/gloss_CECILL_C
2018-05-21 20:24:16 INFO  BabelNetIndexManager:206 - Opening lexicon index: /Users/macmenta/BabelNet-3.7/lexicon_APACHE_20
2018-05-21 20:24:16 INFO  BabelNetIndexManager:218 - Opening dict index: /Users/macmenta/BabelNet-3.7/dict_APACHE_20
2018-05-21 20:24:16 INFO  BabelNetIndexManager:230 - Opening gloss index: /Users/macmenta/BabelNet-3.7/gloss_APACHE_20
2018-05-21 20:24:16 INFO  BabelNetIndexManager:206 - Opening lexicon index: /Users/macmenta/BabelNet-3.7/lexicon_CC_BY_NC_SA_30
2018-05-21 20:24:16 INFO  BabelNetIndexManager:218 - Opening dict index: /Users/macmenta/BabelNet-3.7/dict_CC_BY_NC_SA_30
2018-05-21 20:24:16 INFO  BabelNetIndexManager:230 - Opening gloss index: /Users/macmenta/BabelNet-3.7/gloss_CC_BY_NC_SA_30
2018-05-21 20:24:16 INFO  BabelNetIndexManager:206 - Opening lexicon index: /Users/macmenta/BabelNet-3.7/lexicon_MLP
2018-05-21 20:24:16 INFO  BabelNetIndexManager:218 - Opening dict index: /Users/macmenta/BabelNet-3.7/dict_MLP
2018-05-21 20:24:16 INFO  BabelNetIndexManager:230 - Opening gloss index: /Users/macmenta/BabelNet-3.7/gloss_MLP
2018-05-21 20:24:16 INFO  BabelNetIndexManager:242 - Using BabelNet v3.7
2018-05-21 20:24:16 INFO  BabelNetIndexManager:246 - Opening mapping index
2018-05-21 20:24:16 INFO  BabelNetIndexManager:258 - Opening graph index: /Users/macmenta/BabelNet-3.7/graph_CC_BY_NC_SA_30
2018-05-21 20:24:16 INFO  BabelNetIndexManager:274 - Opening image index: /Users/macmenta/BabelNet-3.7/image
2018-05-21 20:24:16 INFO  BabelNetIndexManager:283 - Opening info index: /Users/macmenta/BabelNet-3.7/info_CC_BY_NC_SA_30
2018-05-21 20:24:16 INFO  BabelNetIndexManager:292 - Opening info index: /Users/macmenta/BabelNet-3.7/info_wordnet
2018-05-21 20:24:16 INFO  BabelNet:55 - BabelNet offline API v3.7 written by Francesco Cecconi, Roberto Navigli and Daniele Vannella
2018-05-21 20:24:20 INFO  BabelnetPreprocess:212 - Número de nodos inicial: 424
2018-05-21 20:24:45 INFO  BabelnetPreprocess:71 - Número de nodos final: 727
2018-05-21 20:24:45 INFO  FreelingPreprocess:32 - Procesando fragmento 2 de: suspicious-document00893.txt
2018-05-21 20:24:46 INFO  BabelnetPreprocess:212 - Número de nodos inicial: 495
2018-05-21 20:25:11 INFO  BabelnetPreprocess:71 - Número de nodos final: 797
2018-05-21 20:25:11 INFO  FreelingPreprocess:32 - Procesando fragmento 3 de: suspicious-document00893.txt
2018-05-21 20:25:13 INFO  BabelnetPreprocess:212 - Número de nodos inicial: 556
2018-05-21 20:25:45 INFO  BabelnetPreprocess:71 - Número de nodos final: 768
2018-05-21 20:25:45 INFO  FreelingPreprocess:32 - Procesando fragmento 4 de: suspicious-document00893.txt
2018-05-21 20:25:48 INFO  BabelnetPreprocess:212 - Número de nodos inicial: 828
2018-05-21 20:26:40 INFO  BabelnetPreprocess:71 - Número de nodos final: 1324
2018-05-21 20:26:40 INFO  FreelingPreprocess:32 - Procesando fragmento 5 de: suspicious-document00893.txt
2018-05-21 20:26:43 INFO  BabelnetPreprocess:212 - Número de nodos inicial: 705
2018-05-21 20:27:24 INFO  BabelnetPreprocess:71 - Número de nodos final: 1086
2018-05-21 20:27:24 INFO  FreelingPreprocess:32 - Procesando fragmento 6 de: suspicious-document00893.txt
2018-05-21 20:27:28 INFO  BabelnetPreprocess:212 - Número de nodos inicial: 947
2018-05-21 20:28:28 INFO  BabelnetPreprocess:71 - Número de nodos final: 1696
2018-05-21 20:28:28 INFO  FreelingPreprocess:32 - Procesando fragmento 7 de: suspicious-document00893.txt
2018-05-21 20:28:30 INFO  BabelnetPreprocess:212 - Número de nodos inicial: 861
2018-05-21 20:29:18 INFO  BabelnetPreprocess:71 - Número de nodos final: 1626
2018-05-21 20:29:18 INFO  FreelingPreprocess:32 - Procesando fragmento 8 de: suspicious-document00893.txt
2018-05-21 20:29:19 INFO  BabelnetPreprocess:212 - Número de nodos inicial: 511
2018-05-21 20:29:50 INFO  BabelnetPreprocess:71 - Número de nodos final: 785
2018-05-21 20:29:50 INFO  FreelingPreprocess:32 - Procesando fragmento 9 de: suspicious-document00893.txt
2018-05-21 20:29:51 INFO  BabelnetPreprocess:212 - Número de nodos inicial: 536
2018-05-21 20:30:23 INFO  BabelnetPreprocess:71 - Número de nodos final: 871
2018-05-21 20:30:23 INFO  FreelingPreprocess:32 - Procesando fragmento 10 de: suspicious-document00893.txt
2018-05-21 20:30:26 INFO  BabelnetPreprocess:212 - Número de nodos inicial: 710
2018-05-21 20:31:06 INFO  BabelnetPreprocess:71 - Número de nodos final: 1262
2018-05-21 20:31:06 INFO  FreelingPreprocess:32 - Procesando fragmento 11 de: suspicious-document00893.txt
2018-05-21 20:31:08 INFO  BabelnetPreprocess:212 - Número de nodos inicial: 752
2018-05-21 20:31:54 INFO  BabelnetPreprocess:71 - Número de nodos final: 1373
2018-05-21 20:31:54 INFO  FreelingPreprocess:32 - Procesando fragmento 12 de: suspicious-document00893.txt
2018-05-21 20:31:56 INFO  BabelnetPreprocess:212 - Número de nodos inicial: 642
2018-05-21 20:32:36 INFO  BabelnetPreprocess:71 - Número de nodos final: 1192
2018-05-21 20:32:36 INFO  FreelingPreprocess:32 - Procesando fragmento 13 de: suspicious-document00893.txt
2018-05-21 20:32:37 INFO  BabelnetPreprocess:212 - Número de nodos inicial: 595
2018-05-21 20:33:15 INFO  BabelnetPreprocess:71 - Número de nodos final: 1066
2018-05-21 20:33:15 INFO  FreelingPreprocess:32 - Procesando fragmento 14 de: suspicious-document00893.txt
2018-05-21 20:33:16 INFO  BabelnetPreprocess:212 - Número de nodos inicial: 457
2018-05-21 20:33:45 INFO  BabelnetPreprocess:71 - Número de nodos final: 818
2018-05-21 20:33:45 INFO  FreelingPreprocess:32 - Procesando fragmento 15 de: suspicious-document00893.txt
2018-05-21 20:33:47 INFO  BabelnetPreprocess:212 - Número de nodos inicial: 676
2018-05-21 20:34:34 INFO  BabelnetPreprocess:71 - Número de nodos final: 1232
2018-05-21 20:34:34 INFO  FreelingPreprocess:32 - Procesando fragmento 16 de: suspicious-document00893.txt
2018-05-21 20:34:36 INFO  BabelnetPreprocess:212 - Número de nodos inicial: 776
2018-05-21 20:35:30 INFO  BabelnetPreprocess:71 - Número de nodos final: 1446
2018-05-21 20:35:30 INFO  FreelingPreprocess:32 - Procesando fragmento 17 de: suspicious-document00893.txt
2018-05-21 20:35:32 INFO  BabelnetPreprocess:212 - Número de nodos inicial: 829
2018-05-21 20:36:29 INFO  BabelnetPreprocess:71 - Número de nodos final: 1885
2018-05-21 20:36:29 INFO  FreelingPreprocess:32 - Procesando fragmento 18 de: suspicious-document00893.txt
2018-05-21 20:36:32 INFO  BabelnetPreprocess:212 - Número de nodos inicial: 893
2018-05-21 20:39:46 INFO  BabelnetPreprocess:71 - Número de nodos final: 1925
2018-05-21 20:39:46 INFO  FreelingPreprocess:32 - Procesando fragmento 19 de: suspicious-document00893.txt
2018-05-21 20:39:59 INFO  BabelnetPreprocess:212 - Número de nodos inicial: 1177
2018-05-21 20:44:36 INFO  BabelnetPreprocess:71 - Número de nodos final: 2736
2018-05-21 20:44:36 INFO  FreelingPreprocess:32 - Procesando fragmento 20 de: suspicious-document00893.txt
2018-05-21 20:44:51 INFO  BabelnetPreprocess:212 - Número de nodos inicial: 882
2018-05-21 20:50:54 INFO  BabelnetPreprocess:71 - Número de nodos final: 1876
2018-05-21 20:50:54 INFO  FreelingPreprocess:32 - Procesando fragmento 21 de: suspicious-document00893.txt
2018-05-21 20:51:22 INFO  BabelnetPreprocess:212 - Número de nodos inicial: 767
